{"numFailedTestSuites":6,"numFailedTests":20,"numPassedTestSuites":16,"numPassedTests":100,"numPendingTestSuites":0,"numPendingTests":0,"numRuntimeErrorTestSuites":3,"numTodoTests":9,"numTotalTestSuites":22,"numTotalTests":129,"openHandles":[],"snapshot":{"added":0,"didUpdate":false,"failure":false,"filesAdded":0,"filesRemoved":0,"filesRemovedList":[],"filesUnmatched":0,"filesUpdated":0,"matched":0,"total":0,"unchecked":0,"uncheckedKeysByFile":[],"unmatched":0,"updated":0},"startTime":1779058869770,"success":false,"testResults":[{"assertionResults":[{"ancestorTitles":["Mission Schema Validation","validateMission"],"duration":2,"failing":false,"failureDetails":[{"matcherResult":{"actual":false,"expected":true,"message":"expect(received).toBe(expected) // Object.is equality\n\nExpected: true\nReceived: false","name":"toBe","pass":false}}],"failureMessages":["Error: expect(received).toBe(expected) // Object.is equality\n\nExpected: true\nReceived: false\n    at Object.<anonymous> (/Users/hlali/Documents/mars-rover-mission-authoring/src/__tests__/unit/validation.test.ts:22:30)\n    at Promise.finally.completed (/Users/hlali/Documents/mars-rover-mission-authoring/node_modules/jest-circus/build/jestAdapterInit.js:1561:28)\n    at new Promise (<anonymous>)\n    at callAsyncCircusFn (/Users/hlali/Documents/mars-rover-mission-authoring/node_modules/jest-circus/build/jestAdapterInit.js:1501:10)\n    at _callCircusTest (/Users/hlali/Documents/mars-rover-mission-authoring/node_modules/jest-circus/build/jestAdapterInit.js:1011:40)\n    at _runTest (/Users/hlali/Documents/mars-rover-mission-authoring/node_modules/jest-circus/build/jestAdapterInit.js:951:3)\n    at /Users/hlali/Documents/mars-rover-mission-authoring/node_modules/jest-circus/build/jestAdapterInit.js:853:7\n    at _runTestsForDescribeBlock (/Users/hlali/Documents/mars-rover-mission-authoring/node_modules/jest-circus/build/jestAdapterInit.js:866:11)\n    at _runTestsForDescribeBlock (/Users/hlali/Documents/mars-rover-mission-authoring/node_modules/jest-circus/build/jestAdapterInit.js:861:11)\n    at _runTestsForDescribeBlock (/Users/hlali/Documents/mars-rover-mission-authoring/node_modules/jest-circus/build/jestAdapterInit.js:861:11)\n    at run (/Users/hlali/Documents/mars-rover-mission-authoring/node_modules/jest-circus/build/jestAdapterInit.js:765:3)\n    at runAndTransformResultsToJestFormat (/Users/hlali/Documents/mars-rover-mission-authoring/node_modules/jest-circus/build/jestAdapterInit.js:1993:21)\n    at jestAdapter (/Users/hlali/Documents/mars-rover-mission-authoring/node_modules/jest-circus/build/runner.js:111:19)\n    at runTestInternal (/Users/hlali/Documents/mars-rover-mission-authoring/node_modules/jest-runner/build/index.js:276:16)\n    at runTest (/Users/hlali/Documents/mars-rover-mission-authoring/node_modules/jest-runner/build/index.js:344:7)"],"fullName":"Mission Schema Validation validateMission should accept valid mission data","invocations":1,"location":null,"numPassingAsserts":0,"retryReasons":[],"startAt":1779058870061,"status":"failed","title":"should accept valid mission data"},{"ancestorTitles":["Mission Schema Validation","validateMission"],"duration":1,"failing":false,"failureDetails":[{"matcherResult":{"actual":false,"expected":true,"message":"expect(received).toBe(expected) // Object.is equality\n\nExpected: true\nReceived: false","name":"toBe","pass":false}}],"failureMessages":["Error: expect(received).toBe(expected) // Object.is equality\n\nExpected: true\nReceived: false\n    at Object.<anonymous> (/Users/hlali/Documents/mars-rover-mission-authoring/src/__tests__/unit/validation.test.ts:36:30)\n    at Promise.finally.completed (/Users/hlali/Documents/mars-rover-mission-authoring/node_modules/jest-circus/build/jestAdapterInit.js:1561:28)\n    at new Promise (<anonymous>)\n    at callAsyncCircusFn (/Users/hlali/Documents/mars-rover-mission-authoring/node_modules/jest-circus/build/jestAdapterInit.js:1501:10)\n    at _callCircusTest (/Users/hlali/Documents/mars-rover-mission-authoring/node_modules/jest-circus/build/jestAdapterInit.js:1011:40)\n    at _runTest (/Users/hlali/Documents/mars-rover-mission-authoring/node_modules/jest-circus/build/jestAdapterInit.js:951:3)\n    at /Users/hlali/Documents/mars-rover-mission-authoring/node_modules/jest-circus/build/jestAdapterInit.js:853:7\n    at _runTestsForDescribeBlock (/Users/hlali/Documents/mars-rover-mission-authoring/node_modules/jest-circus/build/jestAdapterInit.js:866:11)\n    at _runTestsForDescribeBlock (/Users/hlali/Documents/mars-rover-mission-authoring/node_modules/jest-circus/build/jestAdapterInit.js:861:11)\n    at _runTestsForDescribeBlock (/Users/hlali/Documents/mars-rover-mission-authoring/node_modules/jest-circus/build/jestAdapterInit.js:861:11)\n    at run (/Users/hlali/Documents/mars-rover-mission-authoring/node_modules/jest-circus/build/jestAdapterInit.js:765:3)\n    at runAndTransformResultsToJestFormat (/Users/hlali/Documents/mars-rover-mission-authoring/node_modules/jest-circus/build/jestAdapterInit.js:1993:21)\n    at jestAdapter (/Users/hlali/Documents/mars-rover-mission-authoring/node_modules/jest-circus/build/runner.js:111:19)\n    at runTestInternal (/Users/hlali/Documents/mars-rover-mission-authoring/node_modules/jest-runner/build/index.js:276:16)\n    at runTest (/Users/hlali/Documents/mars-rover-mission-authoring/node_modules/jest-runner/build/index.js:344:7)"],"fullName":"Mission Schema Validation validateMission should accept mission without optional challengeId","invocations":1,"location":null,"numPassingAsserts":0,"retryReasons":[],"startAt":1779058870067,"status":"failed","title":"should accept mission without optional challengeId"},{"ancestorTitles":["Mission Schema Validation","validateMission"],"duration":0,"failing":false,"failureDetails":[],"failureMessages":[],"fullName":"Mission Schema Validation validateMission should reject empty yardId","invocations":1,"location":null,"numPassingAsserts":2,"retryReasons":[],"startAt":1779058870068,"status":"passed","title":"should reject empty yardId"},{"ancestorTitles":["Mission Schema Validation","validateMission"],"duration":1,"failing":false,"failureDetails":[],"failureMessages":[],"fullName":"Mission Schema Validation validateMission should reject yardId with invalid characters","invocations":1,"location":null,"numPassingAsserts":2,"retryReasons":[],"startAt":1779058870068,"status":"passed","title":"should reject yardId with invalid characters"},{"ancestorTitles":["Mission Schema Validation","validateMission"],"duration":0,"failing":false,"failureDetails":[],"failureMessages":[],"fullName":"Mission Schema Validation validateMission should reject empty sessionId","invocations":1,"location":null,"numPassingAsserts":2,"retryReasons":[],"startAt":1779058870069,"status":"passed","title":"should reject empty sessionId"},{"ancestorTitles":["Mission Schema Validation","validateMission"],"duration":1,"failing":false,"failureDetails":[],"failureMessages":[],"fullName":"Mission Schema Validation validateMission should reject empty code","invocations":1,"location":null,"numPassingAsserts":2,"retryReasons":[],"startAt":1779058870069,"status":"passed","title":"should reject empty code"},{"ancestorTitles":["Mission Schema Validation","validateMission"],"duration":0,"failing":false,"failureDetails":[],"failureMessages":[],"fullName":"Mission Schema Validation validateMission should reject code with only whitespace","invocations":1,"location":null,"numPassingAsserts":2,"retryReasons":[],"startAt":1779058870070,"status":"passed","title":"should reject code with only whitespace"},{"ancestorTitles":["Mission Schema Validation","validateMission"],"duration":0,"failing":false,"failureDetails":[{"matcherResult":{"message":"expect(received).toContain(expected) // indexOf\n\nExpected substring: \"Code exceeds maximum length\"\nReceived string:    \"learnerId: Required\"","pass":false}}],"failureMessages":["Error: expect(received).toContain(expected) // indexOf\n\nExpected substring: \"Code exceeds maximum length\"\nReceived string:    \"learnerId: Required\"\n    at Object.<anonymous> (/Users/hlali/Documents/mars-rover-mission-authoring/src/__tests__/unit/validation.test.ts:115:34)\n    at Promise.finally.completed (/Users/hlali/Documents/mars-rover-mission-authoring/node_modules/jest-circus/build/jestAdapterInit.js:1561:28)\n    at new Promise (<anonymous>)\n    at callAsyncCircusFn (/Users/hlali/Documents/mars-rover-mission-authoring/node_modules/jest-circus/build/jestAdapterInit.js:1501:10)\n    at _callCircusTest (/Users/hlali/Documents/mars-rover-mission-authoring/node_modules/jest-circus/build/jestAdapterInit.js:1011:40)\n    at _runTest (/Users/hlali/Documents/mars-rover-mission-authoring/node_modules/jest-circus/build/jestAdapterInit.js:951:3)\n    at /Users/hlali/Documents/mars-rover-mission-authoring/node_modules/jest-circus/build/jestAdapterInit.js:853:7\n    at _runTestsForDescribeBlock (/Users/hlali/Documents/mars-rover-mission-authoring/node_modules/jest-circus/build/jestAdapterInit.js:866:11)\n    at _runTestsForDescribeBlock (/Users/hlali/Documents/mars-rover-mission-authoring/node_modules/jest-circus/build/jestAdapterInit.js:861:11)\n    at _runTestsForDescribeBlock (/Users/hlali/Documents/mars-rover-mission-authoring/node_modules/jest-circus/build/jestAdapterInit.js:861:11)\n    at run (/Users/hlali/Documents/mars-rover-mission-authoring/node_modules/jest-circus/build/jestAdapterInit.js:765:3)\n    at runAndTransformResultsToJestFormat (/Users/hlali/Documents/mars-rover-mission-authoring/node_modules/jest-circus/build/jestAdapterInit.js:1993:21)\n    at jestAdapter (/Users/hlali/Documents/mars-rover-mission-authoring/node_modules/jest-circus/build/runner.js:111:19)\n    at runTestInternal (/Users/hlali/Documents/mars-rover-mission-authoring/node_modules/jest-runner/build/index.js:276:16)\n    at runTest (/Users/hlali/Documents/mars-rover-mission-authoring/node_modules/jest-runner/build/index.js:344:7)"],"fullName":"Mission Schema Validation validateMission should reject code exceeding maximum length","invocations":1,"location":null,"numPassingAsserts":1,"retryReasons":[],"startAt":1779058870070,"status":"failed","title":"should reject code exceeding maximum length"},{"ancestorTitles":["Mission Schema Validation","validateMission"],"duration":0,"failing":false,"failureDetails":[],"failureMessages":[],"fullName":"Mission Schema Validation validateMission should reject yardId exceeding maximum length","invocations":1,"location":null,"numPassingAsserts":2,"retryReasons":[],"startAt":1779058870071,"status":"passed","title":"should reject yardId exceeding maximum length"},{"ancestorTitles":["Mission Schema Validation","validateMission"],"duration":0,"failing":false,"failureDetails":[],"failureMessages":[],"fullName":"Mission Schema Validation validateMission should reject sessionId exceeding maximum length","invocations":1,"location":null,"numPassingAsserts":2,"retryReasons":[],"startAt":1779058870071,"status":"passed","title":"should reject sessionId exceeding maximum length"},{"ancestorTitles":["Mission Schema Validation","validateMission"],"duration":0,"failing":false,"failureDetails":[],"failureMessages":[],"fullName":"Mission Schema Validation validateMission should reject missing required fields","invocations":1,"location":null,"numPassingAsserts":2,"retryReasons":[],"startAt":1779058870072,"status":"passed","title":"should reject missing required fields"},{"ancestorTitles":["Mission Schema Validation","validateMission"],"duration":0,"failing":false,"failureDetails":[],"failureMessages":[],"fullName":"Mission Schema Validation validateMission should return multiple errors for multiple invalid fields","invocations":1,"location":null,"numPassingAsserts":2,"retryReasons":[],"startAt":1779058870072,"status":"passed","title":"should return multiple errors for multiple invalid fields"},{"ancestorTitles":["Mission Schema Validation","createMissionSchema"],"duration":1,"failing":false,"failureDetails":[{"issues":[{"code":"invalid_type","expected":"string","received":"undefined","path":["learnerId"],"message":"Required"},{"code":"invalid_type","expected":"string","received":"undefined","path":["name"],"message":"Required"}],"name":"ZodError"}],"failureMessages":["ZodError: [\n  {\n    \"code\": \"invalid_type\",\n    \"expected\": \"string\",\n    \"received\": \"undefined\",\n    \"path\": [\n      \"learnerId\"\n    ],\n    \"message\": \"Required\"\n  },\n  {\n    \"code\": \"invalid_type\",\n    \"expected\": \"string\",\n    \"received\": \"undefined\",\n    \"path\": [\n      \"name\"\n    ],\n    \"message\": \"Required\"\n  }\n]\n    at Object.get error [as error] (/Users/hlali/Documents/mars-rover-mission-authoring/node_modules/zod/v3/types.cjs:45:31)\n    at ZodObject.parse (/Users/hlali/Documents/mars-rover-mission-authoring/node_modules/zod/v3/types.cjs:120:22)\n    at Object.<anonymous> (/Users/hlali/Documents/mars-rover-mission-authoring/src/__tests__/unit/validation.test.ts:178:42)\n    at Promise.finally.completed (/Users/hlali/Documents/mars-rover-mission-authoring/node_modules/jest-circus/build/jestAdapterInit.js:1561:28)\n    at new Promise (<anonymous>)\n    at callAsyncCircusFn (/Users/hlali/Documents/mars-rover-mission-authoring/node_modules/jest-circus/build/jestAdapterInit.js:1501:10)\n    at _callCircusTest (/Users/hlali/Documents/mars-rover-mission-authoring/node_modules/jest-circus/build/jestAdapterInit.js:1011:40)\n    at _runTest (/Users/hlali/Documents/mars-rover-mission-authoring/node_modules/jest-circus/build/jestAdapterInit.js:951:3)\n    at /Users/hlali/Documents/mars-rover-mission-authoring/node_modules/jest-circus/build/jestAdapterInit.js:853:7\n    at _runTestsForDescribeBlock (/Users/hlali/Documents/mars-rover-mission-authoring/node_modules/jest-circus/build/jestAdapterInit.js:866:11)\n    at _runTestsForDescribeBlock (/Users/hlali/Documents/mars-rover-mission-authoring/node_modules/jest-circus/build/jestAdapterInit.js:861:11)\n    at _runTestsForDescribeBlock (/Users/hlali/Documents/mars-rover-mission-authoring/node_modules/jest-circus/build/jestAdapterInit.js:861:11)\n    at run (/Users/hlali/Documents/mars-rover-mission-authoring/node_modules/jest-circus/build/jestAdapterInit.js:765:3)\n    at runAndTransformResultsToJestFormat (/Users/hlali/Documents/mars-rover-mission-authoring/node_modules/jest-circus/build/jestAdapterInit.js:1993:21)\n    at jestAdapter (/Users/hlali/Documents/mars-rover-mission-authoring/node_modules/jest-circus/build/runner.js:111:19)\n    at runTestInternal (/Users/hlali/Documents/mars-rover-mission-authoring/node_modules/jest-runner/build/index.js:276:16)\n    at runTest (/Users/hlali/Documents/mars-rover-mission-authoring/node_modules/jest-runner/build/index.js:344:7)"],"fullName":"Mission Schema Validation createMissionSchema should parse valid data with Zod","invocations":1,"location":null,"numPassingAsserts":0,"retryReasons":[],"startAt":1779058870072,"status":"failed","title":"should parse valid data with Zod"},{"ancestorTitles":["Mission Schema Validation","createMissionSchema"],"duration":1,"failing":false,"failureDetails":[],"failureMessages":[],"fullName":"Mission Schema Validation createMissionSchema should throw ZodError for invalid data","invocations":1,"location":null,"numPassingAsserts":1,"retryReasons":[],"startAt":1779058870074,"status":"passed","title":"should throw ZodError for invalid data"}],"endTime":1779058870086,"message":"  ● Mission Schema Validation › validateMission › should accept valid mission data\n\n    expect(received).toBe(expected) // Object.is equality\n\n    Expected: true\n    Received: false\n\n    \u001b[0m \u001b[90m 20 |\u001b[39m       \u001b[36mconst\u001b[39m result \u001b[33m=\u001b[39m validateMission(validData)\u001b[33m;\u001b[39m\n     \u001b[90m 21 |\u001b[39m\n    \u001b[31m\u001b[1m>\u001b[22m\u001b[39m\u001b[90m 22 |\u001b[39m       expect(result\u001b[33m.\u001b[39msuccess)\u001b[33m.\u001b[39mtoBe(\u001b[36mtrue\u001b[39m)\u001b[33m;\u001b[39m\n     \u001b[90m    |\u001b[39m                              \u001b[31m\u001b[1m^\u001b[22m\u001b[39m\n     \u001b[90m 23 |\u001b[39m       expect(result\u001b[33m.\u001b[39mdata)\u001b[33m.\u001b[39mtoEqual(validData)\u001b[33m;\u001b[39m\n     \u001b[90m 24 |\u001b[39m       expect(result\u001b[33m.\u001b[39merrors)\u001b[33m.\u001b[39mtoBeUndefined()\u001b[33m;\u001b[39m\n     \u001b[90m 25 |\u001b[39m     })\u001b[33m;\u001b[39m\u001b[0m\n\n      at Object.<anonymous> (src/__tests__/unit/validation.test.ts:22:30)\n\n  ● Mission Schema Validation › validateMission › should accept mission without optional challengeId\n\n    expect(received).toBe(expected) // Object.is equality\n\n    Expected: true\n    Received: false\n\n    \u001b[0m \u001b[90m 34 |\u001b[39m       \u001b[36mconst\u001b[39m result \u001b[33m=\u001b[39m validateMission(validData)\u001b[33m;\u001b[39m\n     \u001b[90m 35 |\u001b[39m\n    \u001b[31m\u001b[1m>\u001b[22m\u001b[39m\u001b[90m 36 |\u001b[39m       expect(result\u001b[33m.\u001b[39msuccess)\u001b[33m.\u001b[39mtoBe(\u001b[36mtrue\u001b[39m)\u001b[33m;\u001b[39m\n     \u001b[90m    |\u001b[39m                              \u001b[31m\u001b[1m^\u001b[22m\u001b[39m\n     \u001b[90m 37 |\u001b[39m       expect(result\u001b[33m.\u001b[39mdata\u001b[33m?\u001b[39m\u001b[33m.\u001b[39mchallengeId)\u001b[33m.\u001b[39mtoBeUndefined()\u001b[33m;\u001b[39m\n     \u001b[90m 38 |\u001b[39m     })\u001b[33m;\u001b[39m\n     \u001b[90m 39 |\u001b[39m\u001b[0m\n\n      at Object.<anonymous> (src/__tests__/unit/validation.test.ts:36:30)\n\n  ● Mission Schema Validation › validateMission › should reject code exceeding maximum length\n\n    expect(received).toContain(expected) // indexOf\n\n    Expected substring: \"Code exceeds maximum length\"\n    Received string:    \"learnerId: Required\"\n\n    \u001b[0m \u001b[90m 113 |\u001b[39m\n     \u001b[90m 114 |\u001b[39m       expect(result\u001b[33m.\u001b[39msuccess)\u001b[33m.\u001b[39mtoBe(\u001b[36mfalse\u001b[39m)\u001b[33m;\u001b[39m\n    \u001b[31m\u001b[1m>\u001b[22m\u001b[39m\u001b[90m 115 |\u001b[39m       expect(result\u001b[33m.\u001b[39merrors\u001b[33m?\u001b[39m\u001b[33m.\u001b[39m[\u001b[35m0\u001b[39m])\u001b[33m.\u001b[39mtoContain(\u001b[32m'Code exceeds maximum length'\u001b[39m)\u001b[33m;\u001b[39m\n     \u001b[90m     |\u001b[39m                                  \u001b[31m\u001b[1m^\u001b[22m\u001b[39m\n     \u001b[90m 116 |\u001b[39m     })\u001b[33m;\u001b[39m\n     \u001b[90m 117 |\u001b[39m\n     \u001b[90m 118 |\u001b[39m     it(\u001b[32m'should reject yardId exceeding maximum length'\u001b[39m\u001b[33m,\u001b[39m () \u001b[33m=>\u001b[39m {\u001b[0m\n\n      at Object.<anonymous> (src/__tests__/unit/validation.test.ts:115:34)\n\n  ● Mission Schema Validation › createMissionSchema › should parse valid data with Zod\n\n    ZodError: [\n      {\n        \"code\": \"invalid_type\",\n        \"expected\": \"string\",\n        \"received\": \"undefined\",\n        \"path\": [\n          \"learnerId\"\n        ],\n        \"message\": \"Required\"\n      },\n      {\n        \"code\": \"invalid_type\",\n        \"expected\": \"string\",\n        \"received\": \"undefined\",\n        \"path\": [\n          \"name\"\n        ],\n        \"message\": \"Required\"\n      }\n    ]\n\n    \u001b[0m \u001b[90m 176 |\u001b[39m       }\u001b[33m;\u001b[39m\n     \u001b[90m 177 |\u001b[39m\n    \u001b[31m\u001b[1m>\u001b[22m\u001b[39m\u001b[90m 178 |\u001b[39m       \u001b[36mconst\u001b[39m parsed \u001b[33m=\u001b[39m createMissionSchema\u001b[33m.\u001b[39mparse(validData)\u001b[33m;\u001b[39m\n     \u001b[90m     |\u001b[39m                                          \u001b[31m\u001b[1m^\u001b[22m\u001b[39m\n     \u001b[90m 179 |\u001b[39m\n     \u001b[90m 180 |\u001b[39m       expect(parsed)\u001b[33m.\u001b[39mtoEqual(validData)\u001b[33m;\u001b[39m\n     \u001b[90m 181 |\u001b[39m     })\u001b[33m;\u001b[39m\u001b[0m\n\n      at Object.get error [as error] (node_modules/zod/v3/types.cjs:45:31)\n      at ZodObject.parse (node_modules/zod/v3/types.cjs:120:22)\n      at Object.<anonymous> (src/__tests__/unit/validation.test.ts:178:42)\n","name":"/Users/hlali/Documents/mars-rover-mission-authoring/src/__tests__/unit/validation.test.ts","startTime":1779058869914,"status":"failed","summary":""},{"assertionResults":[{"ancestorTitles":["unsafe import blocking (integration)"],"duration":0,"failing":false,"failureDetails":[{"matcherResult":{"actual":false,"expected":true,"message":"expect(received).toBe(expected) // Object.is equality\n\nExpected: true\nReceived: false","name":"toBe","pass":false}}],"failureMessages":["Error: expect(received).toBe(expected) // Object.is equality\n\nExpected: true\nReceived: false\n    at Object.<anonymous> (/Users/hlali/Documents/mars-rover-mission-authoring/src/__tests__/integration/unsafe-module-blocked.test.ts:40:28)\n    at Promise.finally.completed (/Users/hlali/Documents/mars-rover-mission-authoring/node_modules/jest-circus/build/jestAdapterInit.js:1561:28)\n    at new Promise (<anonymous>)\n    at callAsyncCircusFn (/Users/hlali/Documents/mars-rover-mission-authoring/node_modules/jest-circus/build/jestAdapterInit.js:1501:10)\n    at _callCircusTest (/Users/hlali/Documents/mars-rover-mission-authoring/node_modules/jest-circus/build/jestAdapterInit.js:1011:40)\n    at _runTest (/Users/hlali/Documents/mars-rover-mission-authoring/node_modules/jest-circus/build/jestAdapterInit.js:951:3)\n    at /Users/hlali/Documents/mars-rover-mission-authoring/node_modules/jest-circus/build/jestAdapterInit.js:853:7\n    at _runTestsForDescribeBlock (/Users/hlali/Documents/mars-rover-mission-authoring/node_modules/jest-circus/build/jestAdapterInit.js:866:11)\n    at _runTestsForDescribeBlock (/Users/hlali/Documents/mars-rover-mission-authoring/node_modules/jest-circus/build/jestAdapterInit.js:861:11)\n    at run (/Users/hlali/Documents/mars-rover-mission-authoring/node_modules/jest-circus/build/jestAdapterInit.js:765:3)\n    at runAndTransformResultsToJestFormat (/Users/hlali/Documents/mars-rover-mission-authoring/node_modules/jest-circus/build/jestAdapterInit.js:1993:21)\n    at jestAdapter (/Users/hlali/Documents/mars-rover-mission-authoring/node_modules/jest-circus/build/runner.js:111:19)\n    at runTestInternal (/Users/hlali/Documents/mars-rover-mission-authoring/node_modules/jest-runner/build/index.js:276:16)\n    at runTest (/Users/hlali/Documents/mars-rover-mission-authoring/node_modules/jest-runner/build/index.js:344:7)"],"fullName":"unsafe import blocking (integration) accepts mission with safe rover commands","invocations":1,"location":null,"numPassingAsserts":0,"retryReasons":[],"startAt":1779058870115,"status":"failed","title":"accepts mission with safe rover commands"},{"ancestorTitles":["unsafe import blocking (integration)"],"duration":1,"failing":false,"failureDetails":[{"matcherResult":{"message":"expect(received).toContain(expected) // indexOf\n\nExpected substring: \"os\"\nReceived string:    \"learnerId: Required\"","pass":false}}],"failureMessages":["Error: expect(received).toContain(expected) // indexOf\n\nExpected substring: \"os\"\nReceived string:    \"learnerId: Required\"\n    at Object.<anonymous> (/Users/hlali/Documents/mars-rover-mission-authoring/src/__tests__/integration/unsafe-module-blocked.test.ts:64:31)\n    at Promise.finally.completed (/Users/hlali/Documents/mars-rover-mission-authoring/node_modules/jest-circus/build/jestAdapterInit.js:1561:28)\n    at new Promise (<anonymous>)\n    at callAsyncCircusFn (/Users/hlali/Documents/mars-rover-mission-authoring/node_modules/jest-circus/build/jestAdapterInit.js:1501:10)\n    at _callCircusTest (/Users/hlali/Documents/mars-rover-mission-authoring/node_modules/jest-circus/build/jestAdapterInit.js:1011:40)\n    at _runTest (/Users/hlali/Documents/mars-rover-mission-authoring/node_modules/jest-circus/build/jestAdapterInit.js:951:3)\n    at /Users/hlali/Documents/mars-rover-mission-authoring/node_modules/jest-circus/build/jestAdapterInit.js:853:7\n    at _runTestsForDescribeBlock (/Users/hlali/Documents/mars-rover-mission-authoring/node_modules/jest-circus/build/jestAdapterInit.js:866:11)\n    at _runTestsForDescribeBlock (/Users/hlali/Documents/mars-rover-mission-authoring/node_modules/jest-circus/build/jestAdapterInit.js:861:11)\n    at run (/Users/hlali/Documents/mars-rover-mission-authoring/node_modules/jest-circus/build/jestAdapterInit.js:765:3)\n    at runAndTransformResultsToJestFormat (/Users/hlali/Documents/mars-rover-mission-authoring/node_modules/jest-circus/build/jestAdapterInit.js:1993:21)\n    at jestAdapter (/Users/hlali/Documents/mars-rover-mission-authoring/node_modules/jest-circus/build/runner.js:111:19)\n    at runTestInternal (/Users/hlali/Documents/mars-rover-mission-authoring/node_modules/jest-runner/build/index.js:276:16)\n    at runTest (/Users/hlali/Documents/mars-rover-mission-authoring/node_modules/jest-runner/build/index.js:344:7)"],"fullName":"unsafe import blocking (integration) rejects mission with os module import","invocations":1,"location":null,"numPassingAsserts":2,"retryReasons":[],"startAt":1779058870118,"status":"failed","title":"rejects mission with os module import"},{"ancestorTitles":["unsafe import blocking (integration)"],"duration":0,"failing":false,"failureDetails":[{"matcherResult":{"message":"expect(received).toContain(expected) // indexOf\n\nExpected substring: \"subprocess\"\nReceived string:    \"learnerId: Required\"","pass":false}}],"failureMessages":["Error: expect(received).toContain(expected) // indexOf\n\nExpected substring: \"subprocess\"\nReceived string:    \"learnerId: Required\"\n    at Object.<anonymous> (/Users/hlali/Documents/mars-rover-mission-authoring/src/__tests__/integration/unsafe-module-blocked.test.ts:86:31)\n    at Promise.finally.completed (/Users/hlali/Documents/mars-rover-mission-authoring/node_modules/jest-circus/build/jestAdapterInit.js:1561:28)\n    at new Promise (<anonymous>)\n    at callAsyncCircusFn (/Users/hlali/Documents/mars-rover-mission-authoring/node_modules/jest-circus/build/jestAdapterInit.js:1501:10)\n    at _callCircusTest (/Users/hlali/Documents/mars-rover-mission-authoring/node_modules/jest-circus/build/jestAdapterInit.js:1011:40)\n    at _runTest (/Users/hlali/Documents/mars-rover-mission-authoring/node_modules/jest-circus/build/jestAdapterInit.js:951:3)\n    at /Users/hlali/Documents/mars-rover-mission-authoring/node_modules/jest-circus/build/jestAdapterInit.js:853:7\n    at _runTestsForDescribeBlock (/Users/hlali/Documents/mars-rover-mission-authoring/node_modules/jest-circus/build/jestAdapterInit.js:866:11)\n    at _runTestsForDescribeBlock (/Users/hlali/Documents/mars-rover-mission-authoring/node_modules/jest-circus/build/jestAdapterInit.js:861:11)\n    at run (/Users/hlali/Documents/mars-rover-mission-authoring/node_modules/jest-circus/build/jestAdapterInit.js:765:3)\n    at runAndTransformResultsToJestFormat (/Users/hlali/Documents/mars-rover-mission-authoring/node_modules/jest-circus/build/jestAdapterInit.js:1993:21)\n    at jestAdapter (/Users/hlali/Documents/mars-rover-mission-authoring/node_modules/jest-circus/build/runner.js:111:19)\n    at runTestInternal (/Users/hlali/Documents/mars-rover-mission-authoring/node_modules/jest-runner/build/index.js:276:16)\n    at runTest (/Users/hlali/Documents/mars-rover-mission-authoring/node_modules/jest-runner/build/index.js:344:7)"],"fullName":"unsafe import blocking (integration) rejects mission with subprocess import","invocations":1,"location":null,"numPassingAsserts":2,"retryReasons":[],"startAt":1779058870119,"status":"failed","title":"rejects mission with subprocess import"},{"ancestorTitles":["unsafe import blocking (integration)"],"duration":0,"failing":false,"failureDetails":[{"matcherResult":{"message":"expect(received).toContain(expected) // indexOf\n\nExpected substring: \"socket\"\nReceived string:    \"learnerId: Required\"","pass":false}}],"failureMessages":["Error: expect(received).toContain(expected) // indexOf\n\nExpected substring: \"socket\"\nReceived string:    \"learnerId: Required\"\n    at Object.<anonymous> (/Users/hlali/Documents/mars-rover-mission-authoring/src/__tests__/integration/unsafe-module-blocked.test.ts:106:31)\n    at Promise.finally.completed (/Users/hlali/Documents/mars-rover-mission-authoring/node_modules/jest-circus/build/jestAdapterInit.js:1561:28)\n    at new Promise (<anonymous>)\n    at callAsyncCircusFn (/Users/hlali/Documents/mars-rover-mission-authoring/node_modules/jest-circus/build/jestAdapterInit.js:1501:10)\n    at _callCircusTest (/Users/hlali/Documents/mars-rover-mission-authoring/node_modules/jest-circus/build/jestAdapterInit.js:1011:40)\n    at _runTest (/Users/hlali/Documents/mars-rover-mission-authoring/node_modules/jest-circus/build/jestAdapterInit.js:951:3)\n    at /Users/hlali/Documents/mars-rover-mission-authoring/node_modules/jest-circus/build/jestAdapterInit.js:853:7\n    at _runTestsForDescribeBlock (/Users/hlali/Documents/mars-rover-mission-authoring/node_modules/jest-circus/build/jestAdapterInit.js:866:11)\n    at _runTestsForDescribeBlock (/Users/hlali/Documents/mars-rover-mission-authoring/node_modules/jest-circus/build/jestAdapterInit.js:861:11)\n    at run (/Users/hlali/Documents/mars-rover-mission-authoring/node_modules/jest-circus/build/jestAdapterInit.js:765:3)\n    at runAndTransformResultsToJestFormat (/Users/hlali/Documents/mars-rover-mission-authoring/node_modules/jest-circus/build/jestAdapterInit.js:1993:21)\n    at jestAdapter (/Users/hlali/Documents/mars-rover-mission-authoring/node_modules/jest-circus/build/runner.js:111:19)\n    at runTestInternal (/Users/hlali/Documents/mars-rover-mission-authoring/node_modules/jest-runner/build/index.js:276:16)\n    at runTest (/Users/hlali/Documents/mars-rover-mission-authoring/node_modules/jest-runner/build/index.js:344:7)"],"fullName":"unsafe import blocking (integration) rejects mission with socket import","invocations":1,"location":null,"numPassingAsserts":1,"retryReasons":[],"startAt":1779058870119,"status":"failed","title":"rejects mission with socket import"},{"ancestorTitles":["unsafe import blocking (integration)"],"duration":0,"failing":false,"failureDetails":[{"matcherResult":{"message":"expect(received).toContain(expected) // indexOf\n\nExpected substring: \"os\"\nReceived string:    \"learnerId: Required\"","pass":false}}],"failureMessages":["Error: expect(received).toContain(expected) // indexOf\n\nExpected substring: \"os\"\nReceived string:    \"learnerId: Required\"\n    at Object.<anonymous> (/Users/hlali/Documents/mars-rover-mission-authoring/src/__tests__/integration/unsafe-module-blocked.test.ts:126:31)\n    at Promise.finally.completed (/Users/hlali/Documents/mars-rover-mission-authoring/node_modules/jest-circus/build/jestAdapterInit.js:1561:28)\n    at new Promise (<anonymous>)\n    at callAsyncCircusFn (/Users/hlali/Documents/mars-rover-mission-authoring/node_modules/jest-circus/build/jestAdapterInit.js:1501:10)\n    at _callCircusTest (/Users/hlali/Documents/mars-rover-mission-authoring/node_modules/jest-circus/build/jestAdapterInit.js:1011:40)\n    at _runTest (/Users/hlali/Documents/mars-rover-mission-authoring/node_modules/jest-circus/build/jestAdapterInit.js:951:3)\n    at /Users/hlali/Documents/mars-rover-mission-authoring/node_modules/jest-circus/build/jestAdapterInit.js:853:7\n    at _runTestsForDescribeBlock (/Users/hlali/Documents/mars-rover-mission-authoring/node_modules/jest-circus/build/jestAdapterInit.js:866:11)\n    at _runTestsForDescribeBlock (/Users/hlali/Documents/mars-rover-mission-authoring/node_modules/jest-circus/build/jestAdapterInit.js:861:11)\n    at run (/Users/hlali/Documents/mars-rover-mission-authoring/node_modules/jest-circus/build/jestAdapterInit.js:765:3)\n    at runAndTransformResultsToJestFormat (/Users/hlali/Documents/mars-rover-mission-authoring/node_modules/jest-circus/build/jestAdapterInit.js:1993:21)\n    at jestAdapter (/Users/hlali/Documents/mars-rover-mission-authoring/node_modules/jest-circus/build/runner.js:111:19)\n    at runTestInternal (/Users/hlali/Documents/mars-rover-mission-authoring/node_modules/jest-runner/build/index.js:276:16)\n    at runTest (/Users/hlali/Documents/mars-rover-mission-authoring/node_modules/jest-runner/build/index.js:344:7)"],"fullName":"unsafe import blocking (integration) rejects mission with from...import pattern","invocations":1,"location":null,"numPassingAsserts":1,"retryReasons":[],"startAt":1779058870120,"status":"failed","title":"rejects mission with from...import pattern"},{"ancestorTitles":["unsafe import blocking (integration)"],"duration":0,"failing":false,"failureDetails":[{"matcherResult":{"message":"expect(received).toContain(expected) // indexOf\n\nExpected substring: \"hack_mainframe\"\nReceived string:    \"learnerId: Required\"","pass":false}}],"failureMessages":["Error: expect(received).toContain(expected) // indexOf\n\nExpected substring: \"hack_mainframe\"\nReceived string:    \"learnerId: Required\"\n    at Object.<anonymous> (/Users/hlali/Documents/mars-rover-mission-authoring/src/__tests__/integration/unsafe-module-blocked.test.ts:147:31)\n    at Promise.finally.completed (/Users/hlali/Documents/mars-rover-mission-authoring/node_modules/jest-circus/build/jestAdapterInit.js:1561:28)\n    at new Promise (<anonymous>)\n    at callAsyncCircusFn (/Users/hlali/Documents/mars-rover-mission-authoring/node_modules/jest-circus/build/jestAdapterInit.js:1501:10)\n    at _callCircusTest (/Users/hlali/Documents/mars-rover-mission-authoring/node_modules/jest-circus/build/jestAdapterInit.js:1011:40)\n    at _runTest (/Users/hlali/Documents/mars-rover-mission-authoring/node_modules/jest-circus/build/jestAdapterInit.js:951:3)\n    at /Users/hlali/Documents/mars-rover-mission-authoring/node_modules/jest-circus/build/jestAdapterInit.js:853:7\n    at _runTestsForDescribeBlock (/Users/hlali/Documents/mars-rover-mission-authoring/node_modules/jest-circus/build/jestAdapterInit.js:866:11)\n    at _runTestsForDescribeBlock (/Users/hlali/Documents/mars-rover-mission-authoring/node_modules/jest-circus/build/jestAdapterInit.js:861:11)\n    at run (/Users/hlali/Documents/mars-rover-mission-authoring/node_modules/jest-circus/build/jestAdapterInit.js:765:3)\n    at runAndTransformResultsToJestFormat (/Users/hlali/Documents/mars-rover-mission-authoring/node_modules/jest-circus/build/jestAdapterInit.js:1993:21)\n    at jestAdapter (/Users/hlali/Documents/mars-rover-mission-authoring/node_modules/jest-circus/build/runner.js:111:19)\n    at runTestInternal (/Users/hlali/Documents/mars-rover-mission-authoring/node_modules/jest-runner/build/index.js:276:16)\n    at runTest (/Users/hlali/Documents/mars-rover-mission-authoring/node_modules/jest-runner/build/index.js:344:7)"],"fullName":"unsafe import blocking (integration) rejects mission with non-approved rover commands","invocations":1,"location":null,"numPassingAsserts":2,"retryReasons":[],"startAt":1779058870120,"status":"failed","title":"rejects mission with non-approved rover commands"},{"ancestorTitles":["unsafe import blocking (integration)"],"duration":1,"failing":false,"failureDetails":[{"matcherResult":{"message":"expect(received).toContain(expected) // indexOf\n\nExpected substring: \"eval\"\nReceived string:    \"learnerId: Required\"","pass":false}}],"failureMessages":["Error: expect(received).toContain(expected) // indexOf\n\nExpected substring: \"eval\"\nReceived string:    \"learnerId: Required\"\n    at Object.<anonymous> (/Users/hlali/Documents/mars-rover-mission-authoring/src/__tests__/integration/unsafe-module-blocked.test.ts:167:31)\n    at Promise.finally.completed (/Users/hlali/Documents/mars-rover-mission-authoring/node_modules/jest-circus/build/jestAdapterInit.js:1561:28)\n    at new Promise (<anonymous>)\n    at callAsyncCircusFn (/Users/hlali/Documents/mars-rover-mission-authoring/node_modules/jest-circus/build/jestAdapterInit.js:1501:10)\n    at _callCircusTest (/Users/hlali/Documents/mars-rover-mission-authoring/node_modules/jest-circus/build/jestAdapterInit.js:1011:40)\n    at _runTest (/Users/hlali/Documents/mars-rover-mission-authoring/node_modules/jest-circus/build/jestAdapterInit.js:951:3)\n    at /Users/hlali/Documents/mars-rover-mission-authoring/node_modules/jest-circus/build/jestAdapterInit.js:853:7\n    at _runTestsForDescribeBlock (/Users/hlali/Documents/mars-rover-mission-authoring/node_modules/jest-circus/build/jestAdapterInit.js:866:11)\n    at _runTestsForDescribeBlock (/Users/hlali/Documents/mars-rover-mission-authoring/node_modules/jest-circus/build/jestAdapterInit.js:861:11)\n    at run (/Users/hlali/Documents/mars-rover-mission-authoring/node_modules/jest-circus/build/jestAdapterInit.js:765:3)\n    at runAndTransformResultsToJestFormat (/Users/hlali/Documents/mars-rover-mission-authoring/node_modules/jest-circus/build/jestAdapterInit.js:1993:21)\n    at jestAdapter (/Users/hlali/Documents/mars-rover-mission-authoring/node_modules/jest-circus/build/runner.js:111:19)\n    at runTestInternal (/Users/hlali/Documents/mars-rover-mission-authoring/node_modules/jest-runner/build/index.js:276:16)\n    at runTest (/Users/hlali/Documents/mars-rover-mission-authoring/node_modules/jest-runner/build/index.js:344:7)"],"fullName":"unsafe import blocking (integration) rejects mission with eval() built-in","invocations":1,"location":null,"numPassingAsserts":1,"retryReasons":[],"startAt":1779058870120,"status":"failed","title":"rejects mission with eval() built-in"},{"ancestorTitles":["unsafe import blocking (integration)"],"duration":0,"failing":false,"failureDetails":[{"matcherResult":{"message":"expect(received).toContain(expected) // indexOf\n\nExpected substring: \"exec\"\nReceived string:    \"learnerId: Required\"","pass":false}}],"failureMessages":["Error: expect(received).toContain(expected) // indexOf\n\nExpected substring: \"exec\"\nReceived string:    \"learnerId: Required\"\n    at Object.<anonymous> (/Users/hlali/Documents/mars-rover-mission-authoring/src/__tests__/integration/unsafe-module-blocked.test.ts:186:31)\n    at Promise.finally.completed (/Users/hlali/Documents/mars-rover-mission-authoring/node_modules/jest-circus/build/jestAdapterInit.js:1561:28)\n    at new Promise (<anonymous>)\n    at callAsyncCircusFn (/Users/hlali/Documents/mars-rover-mission-authoring/node_modules/jest-circus/build/jestAdapterInit.js:1501:10)\n    at _callCircusTest (/Users/hlali/Documents/mars-rover-mission-authoring/node_modules/jest-circus/build/jestAdapterInit.js:1011:40)\n    at _runTest (/Users/hlali/Documents/mars-rover-mission-authoring/node_modules/jest-circus/build/jestAdapterInit.js:951:3)\n    at /Users/hlali/Documents/mars-rover-mission-authoring/node_modules/jest-circus/build/jestAdapterInit.js:853:7\n    at _runTestsForDescribeBlock (/Users/hlali/Documents/mars-rover-mission-authoring/node_modules/jest-circus/build/jestAdapterInit.js:866:11)\n    at _runTestsForDescribeBlock (/Users/hlali/Documents/mars-rover-mission-authoring/node_modules/jest-circus/build/jestAdapterInit.js:861:11)\n    at run (/Users/hlali/Documents/mars-rover-mission-authoring/node_modules/jest-circus/build/jestAdapterInit.js:765:3)\n    at runAndTransformResultsToJestFormat (/Users/hlali/Documents/mars-rover-mission-authoring/node_modules/jest-circus/build/jestAdapterInit.js:1993:21)\n    at jestAdapter (/Users/hlali/Documents/mars-rover-mission-authoring/node_modules/jest-circus/build/runner.js:111:19)\n    at runTestInternal (/Users/hlali/Documents/mars-rover-mission-authoring/node_modules/jest-runner/build/index.js:276:16)\n    at runTest (/Users/hlali/Documents/mars-rover-mission-authoring/node_modules/jest-runner/build/index.js:344:7)"],"fullName":"unsafe import blocking (integration) rejects mission with exec() built-in","invocations":1,"location":null,"numPassingAsserts":1,"retryReasons":[],"startAt":1779058870121,"status":"failed","title":"rejects mission with exec() built-in"},{"ancestorTitles":["unsafe import blocking (integration)"],"duration":1,"failing":false,"failureDetails":[{"matcherResult":{"message":"expect(received).toContain(expected) // indexOf\n\nExpected substring: \"open\"\nReceived string:    \"learnerId: Required\"","pass":false}}],"failureMessages":["Error: expect(received).toContain(expected) // indexOf\n\nExpected substring: \"open\"\nReceived string:    \"learnerId: Required\"\n    at Object.<anonymous> (/Users/hlali/Documents/mars-rover-mission-authoring/src/__tests__/integration/unsafe-module-blocked.test.ts:206:31)\n    at Promise.finally.completed (/Users/hlali/Documents/mars-rover-mission-authoring/node_modules/jest-circus/build/jestAdapterInit.js:1561:28)\n    at new Promise (<anonymous>)\n    at callAsyncCircusFn (/Users/hlali/Documents/mars-rover-mission-authoring/node_modules/jest-circus/build/jestAdapterInit.js:1501:10)\n    at _callCircusTest (/Users/hlali/Documents/mars-rover-mission-authoring/node_modules/jest-circus/build/jestAdapterInit.js:1011:40)\n    at _runTest (/Users/hlali/Documents/mars-rover-mission-authoring/node_modules/jest-circus/build/jestAdapterInit.js:951:3)\n    at /Users/hlali/Documents/mars-rover-mission-authoring/node_modules/jest-circus/build/jestAdapterInit.js:853:7\n    at _runTestsForDescribeBlock (/Users/hlali/Documents/mars-rover-mission-authoring/node_modules/jest-circus/build/jestAdapterInit.js:866:11)\n    at _runTestsForDescribeBlock (/Users/hlali/Documents/mars-rover-mission-authoring/node_modules/jest-circus/build/jestAdapterInit.js:861:11)\n    at run (/Users/hlali/Documents/mars-rover-mission-authoring/node_modules/jest-circus/build/jestAdapterInit.js:765:3)\n    at runAndTransformResultsToJestFormat (/Users/hlali/Documents/mars-rover-mission-authoring/node_modules/jest-circus/build/jestAdapterInit.js:1993:21)\n    at jestAdapter (/Users/hlali/Documents/mars-rover-mission-authoring/node_modules/jest-circus/build/runner.js:111:19)\n    at runTestInternal (/Users/hlali/Documents/mars-rover-mission-authoring/node_modules/jest-runner/build/index.js:276:16)\n    at runTest (/Users/hlali/Documents/mars-rover-mission-authoring/node_modules/jest-runner/build/index.js:344:7)"],"fullName":"unsafe import blocking (integration) rejects mission with open() built-in","invocations":1,"location":null,"numPassingAsserts":1,"retryReasons":[],"startAt":1779058870122,"status":"failed","title":"rejects mission with open() built-in"},{"ancestorTitles":["unsafe import blocking (integration)"],"duration":1,"failing":false,"failureDetails":[],"failureMessages":[],"fullName":"unsafe import blocking (integration) reports multiple violations in single mission","invocations":1,"location":null,"numPassingAsserts":3,"retryReasons":[],"startAt":1779058870123,"status":"passed","title":"reports multiple violations in single mission"},{"ancestorTitles":["unsafe import blocking (integration)"],"duration":0,"failing":false,"failureDetails":[{"matcherResult":{"actual":false,"expected":true,"message":"expect(received).toBe(expected) // Object.is equality\n\nExpected: true\nReceived: false","name":"toBe","pass":false}}],"failureMessages":["Error: expect(received).toBe(expected) // Object.is equality\n\nExpected: true\nReceived: false\n    at Object.<anonymous> (/Users/hlali/Documents/mars-rover-mission-authoring/src/__tests__/integration/unsafe-module-blocked.test.ts:252:28)\n    at Promise.finally.completed (/Users/hlali/Documents/mars-rover-mission-authoring/node_modules/jest-circus/build/jestAdapterInit.js:1561:28)\n    at new Promise (<anonymous>)\n    at callAsyncCircusFn (/Users/hlali/Documents/mars-rover-mission-authoring/node_modules/jest-circus/build/jestAdapterInit.js:1501:10)\n    at _callCircusTest (/Users/hlali/Documents/mars-rover-mission-authoring/node_modules/jest-circus/build/jestAdapterInit.js:1011:40)\n    at _runTest (/Users/hlali/Documents/mars-rover-mission-authoring/node_modules/jest-circus/build/jestAdapterInit.js:951:3)\n    at /Users/hlali/Documents/mars-rover-mission-authoring/node_modules/jest-circus/build/jestAdapterInit.js:853:7\n    at _runTestsForDescribeBlock (/Users/hlali/Documents/mars-rover-mission-authoring/node_modules/jest-circus/build/jestAdapterInit.js:866:11)\n    at _runTestsForDescribeBlock (/Users/hlali/Documents/mars-rover-mission-authoring/node_modules/jest-circus/build/jestAdapterInit.js:861:11)\n    at run (/Users/hlali/Documents/mars-rover-mission-authoring/node_modules/jest-circus/build/jestAdapterInit.js:765:3)\n    at runAndTransformResultsToJestFormat (/Users/hlali/Documents/mars-rover-mission-authoring/node_modules/jest-circus/build/jestAdapterInit.js:1993:21)\n    at jestAdapter (/Users/hlali/Documents/mars-rover-mission-authoring/node_modules/jest-circus/build/runner.js:111:19)\n    at runTestInternal (/Users/hlali/Documents/mars-rover-mission-authoring/node_modules/jest-runner/build/index.js:276:16)\n    at runTest (/Users/hlali/Documents/mars-rover-mission-authoring/node_modules/jest-runner/build/index.js:344:7)"],"fullName":"unsafe import blocking (integration) accepts mission with loops and conditionals","invocations":1,"location":null,"numPassingAsserts":0,"retryReasons":[],"startAt":1779058870124,"status":"failed","title":"accepts mission with loops and conditionals"},{"ancestorTitles":["unsafe import blocking (integration)"],"duration":0,"failing":false,"failureDetails":[{"matcherResult":{"actual":false,"expected":true,"message":"expect(received).toBe(expected) // Object.is equality\n\nExpected: true\nReceived: false","name":"toBe","pass":false}}],"failureMessages":["Error: expect(received).toBe(expected) // Object.is equality\n\nExpected: true\nReceived: false\n    at Object.<anonymous> (/Users/hlali/Documents/mars-rover-mission-authoring/src/__tests__/integration/unsafe-module-blocked.test.ts:273:28)\n    at Promise.finally.completed (/Users/hlali/Documents/mars-rover-mission-authoring/node_modules/jest-circus/build/jestAdapterInit.js:1561:28)\n    at new Promise (<anonymous>)\n    at callAsyncCircusFn (/Users/hlali/Documents/mars-rover-mission-authoring/node_modules/jest-circus/build/jestAdapterInit.js:1501:10)\n    at _callCircusTest (/Users/hlali/Documents/mars-rover-mission-authoring/node_modules/jest-circus/build/jestAdapterInit.js:1011:40)\n    at _runTest (/Users/hlali/Documents/mars-rover-mission-authoring/node_modules/jest-circus/build/jestAdapterInit.js:951:3)\n    at /Users/hlali/Documents/mars-rover-mission-authoring/node_modules/jest-circus/build/jestAdapterInit.js:853:7\n    at _runTestsForDescribeBlock (/Users/hlali/Documents/mars-rover-mission-authoring/node_modules/jest-circus/build/jestAdapterInit.js:866:11)\n    at _runTestsForDescribeBlock (/Users/hlali/Documents/mars-rover-mission-authoring/node_modules/jest-circus/build/jestAdapterInit.js:861:11)\n    at run (/Users/hlali/Documents/mars-rover-mission-authoring/node_modules/jest-circus/build/jestAdapterInit.js:765:3)\n    at runAndTransformResultsToJestFormat (/Users/hlali/Documents/mars-rover-mission-authoring/node_modules/jest-circus/build/jestAdapterInit.js:1993:21)\n    at jestAdapter (/Users/hlali/Documents/mars-rover-mission-authoring/node_modules/jest-circus/build/runner.js:111:19)\n    at runTestInternal (/Users/hlali/Documents/mars-rover-mission-authoring/node_modules/jest-runner/build/index.js:276:16)\n    at runTest (/Users/hlali/Documents/mars-rover-mission-authoring/node_modules/jest-runner/build/index.js:344:7)"],"fullName":"unsafe import blocking (integration) accepts mission with print statements for debugging","invocations":1,"location":null,"numPassingAsserts":0,"retryReasons":[],"startAt":1779058870124,"status":"failed","title":"accepts mission with print statements for debugging"},{"ancestorTitles":["unsafe import blocking (integration)"],"duration":0,"failing":false,"failureDetails":[{"matcherResult":{"message":"expect(received).toContain(expected) // indexOf\n\nExpected substring: \"line\"\nReceived string:    \"learnerId: Required\"","pass":false}}],"failureMessages":["Error: expect(received).toContain(expected) // indexOf\n\nExpected substring: \"line\"\nReceived string:    \"learnerId: Required\"\n    at Object.<anonymous> (/Users/hlali/Documents/mars-rover-mission-authoring/src/__tests__/integration/unsafe-module-blocked.test.ts:294:31)\n    at Promise.finally.completed (/Users/hlali/Documents/mars-rover-mission-authoring/node_modules/jest-circus/build/jestAdapterInit.js:1561:28)\n    at new Promise (<anonymous>)\n    at callAsyncCircusFn (/Users/hlali/Documents/mars-rover-mission-authoring/node_modules/jest-circus/build/jestAdapterInit.js:1501:10)\n    at _callCircusTest (/Users/hlali/Documents/mars-rover-mission-authoring/node_modules/jest-circus/build/jestAdapterInit.js:1011:40)\n    at _runTest (/Users/hlali/Documents/mars-rover-mission-authoring/node_modules/jest-circus/build/jestAdapterInit.js:951:3)\n    at /Users/hlali/Documents/mars-rover-mission-authoring/node_modules/jest-circus/build/jestAdapterInit.js:853:7\n    at _runTestsForDescribeBlock (/Users/hlali/Documents/mars-rover-mission-authoring/node_modules/jest-circus/build/jestAdapterInit.js:866:11)\n    at _runTestsForDescribeBlock (/Users/hlali/Documents/mars-rover-mission-authoring/node_modules/jest-circus/build/jestAdapterInit.js:861:11)\n    at run (/Users/hlali/Documents/mars-rover-mission-authoring/node_modules/jest-circus/build/jestAdapterInit.js:765:3)\n    at runAndTransformResultsToJestFormat (/Users/hlali/Documents/mars-rover-mission-authoring/node_modules/jest-circus/build/jestAdapterInit.js:1993:21)\n    at jestAdapter (/Users/hlali/Documents/mars-rover-mission-authoring/node_modules/jest-circus/build/runner.js:111:19)\n    at runTestInternal (/Users/hlali/Documents/mars-rover-mission-authoring/node_modules/jest-runner/build/index.js:276:16)\n    at runTest (/Users/hlali/Documents/mars-rover-mission-authoring/node_modules/jest-runner/build/index.js:344:7)"],"fullName":"unsafe import blocking (integration) includes line numbers in error messages","invocations":1,"location":null,"numPassingAsserts":1,"retryReasons":[],"startAt":1779058870125,"status":"failed","title":"includes line numbers in error messages"},{"ancestorTitles":["unsafe import blocking (integration)"],"duration":0,"failing":false,"failureDetails":[],"failureMessages":[],"fullName":"unsafe import blocking (integration) still enforces schema validation (missing required fields)","invocations":1,"location":null,"numPassingAsserts":3,"retryReasons":[],"startAt":1779058870125,"status":"passed","title":"still enforces schema validation (missing required fields)"},{"ancestorTitles":["unsafe import blocking (integration)"],"duration":0,"failing":false,"failureDetails":[{"matcherResult":{"message":"expect(received).toContain(expected) // indexOf\n\nExpected substring: \"empty\"\nReceived string:    \"learnerId: Required\"","pass":false}}],"failureMessages":["Error: expect(received).toContain(expected) // indexOf\n\nExpected substring: \"empty\"\nReceived string:    \"learnerId: Required\"\n    at Object.<anonymous> (/Users/hlali/Documents/mars-rover-mission-authoring/src/__tests__/integration/unsafe-module-blocked.test.ts:331:31)\n    at Promise.finally.completed (/Users/hlali/Documents/mars-rover-mission-authoring/node_modules/jest-circus/build/jestAdapterInit.js:1561:28)\n    at new Promise (<anonymous>)\n    at callAsyncCircusFn (/Users/hlali/Documents/mars-rover-mission-authoring/node_modules/jest-circus/build/jestAdapterInit.js:1501:10)\n    at _callCircusTest (/Users/hlali/Documents/mars-rover-mission-authoring/node_modules/jest-circus/build/jestAdapterInit.js:1011:40)\n    at _runTest (/Users/hlali/Documents/mars-rover-mission-authoring/node_modules/jest-circus/build/jestAdapterInit.js:951:3)\n    at /Users/hlali/Documents/mars-rover-mission-authoring/node_modules/jest-circus/build/jestAdapterInit.js:853:7\n    at _runTestsForDescribeBlock (/Users/hlali/Documents/mars-rover-mission-authoring/node_modules/jest-circus/build/jestAdapterInit.js:866:11)\n    at _runTestsForDescribeBlock (/Users/hlali/Documents/mars-rover-mission-authoring/node_modules/jest-circus/build/jestAdapterInit.js:861:11)\n    at run (/Users/hlali/Documents/mars-rover-mission-authoring/node_modules/jest-circus/build/jestAdapterInit.js:765:3)\n    at runAndTransformResultsToJestFormat (/Users/hlali/Documents/mars-rover-mission-authoring/node_modules/jest-circus/build/jestAdapterInit.js:1993:21)\n    at jestAdapter (/Users/hlali/Documents/mars-rover-mission-authoring/node_modules/jest-circus/build/runner.js:111:19)\n    at runTestInternal (/Users/hlali/Documents/mars-rover-mission-authoring/node_modules/jest-runner/build/index.js:276:16)\n    at runTest (/Users/hlali/Documents/mars-rover-mission-authoring/node_modules/jest-runner/build/index.js:344:7)"],"fullName":"unsafe import blocking (integration) rejects empty code","invocations":1,"location":null,"numPassingAsserts":1,"retryReasons":[],"startAt":1779058870125,"status":"failed","title":"rejects empty code"}],"endTime":1779058870137,"message":"  ● unsafe import blocking (integration) › accepts mission with safe rover commands\n\n    expect(received).toBe(expected) // Object.is equality\n\n    Expected: true\n    Received: false\n\n    \u001b[0m \u001b[90m 38 |\u001b[39m     \u001b[36mconst\u001b[39m result \u001b[33m=\u001b[39m validateMission(safeMissionData)\u001b[33m;\u001b[39m\n     \u001b[90m 39 |\u001b[39m\n    \u001b[31m\u001b[1m>\u001b[22m\u001b[39m\u001b[90m 40 |\u001b[39m     expect(result\u001b[33m.\u001b[39msuccess)\u001b[33m.\u001b[39mtoBe(\u001b[36mtrue\u001b[39m)\u001b[33m;\u001b[39m\n     \u001b[90m    |\u001b[39m                            \u001b[31m\u001b[1m^\u001b[22m\u001b[39m\n     \u001b[90m 41 |\u001b[39m     expect(result\u001b[33m.\u001b[39mdata)\u001b[33m.\u001b[39mtoBeDefined()\u001b[33m;\u001b[39m\n     \u001b[90m 42 |\u001b[39m     expect(result\u001b[33m.\u001b[39merrors)\u001b[33m.\u001b[39mtoBeUndefined()\u001b[33m;\u001b[39m\n     \u001b[90m 43 |\u001b[39m   })\u001b[33m;\u001b[39m\u001b[0m\n\n      at Object.<anonymous> (src/__tests__/integration/unsafe-module-blocked.test.ts:40:28)\n\n  ● unsafe import blocking (integration) › rejects mission with os module import\n\n    expect(received).toContain(expected) // indexOf\n\n    Expected substring: \"os\"\n    Received string:    \"learnerId: Required\"\n\n    \u001b[0m \u001b[90m 62 |\u001b[39m     expect(result\u001b[33m.\u001b[39msuccess)\u001b[33m.\u001b[39mtoBe(\u001b[36mfalse\u001b[39m)\u001b[33m;\u001b[39m\n     \u001b[90m 63 |\u001b[39m     expect(result\u001b[33m.\u001b[39merrors)\u001b[33m.\u001b[39mtoBeDefined()\u001b[33m;\u001b[39m\n    \u001b[31m\u001b[1m>\u001b[22m\u001b[39m\u001b[90m 64 |\u001b[39m     expect(result\u001b[33m.\u001b[39merrors\u001b[33m!\u001b[39m[\u001b[35m0\u001b[39m])\u001b[33m.\u001b[39mtoContain(\u001b[32m'os'\u001b[39m)\u001b[33m;\u001b[39m\n     \u001b[90m    |\u001b[39m                               \u001b[31m\u001b[1m^\u001b[22m\u001b[39m\n     \u001b[90m 65 |\u001b[39m     expect(result\u001b[33m.\u001b[39merrors\u001b[33m!\u001b[39m[\u001b[35m0\u001b[39m])\u001b[33m.\u001b[39mtoContain(\u001b[32m'not allowed'\u001b[39m)\u001b[33m;\u001b[39m\n     \u001b[90m 66 |\u001b[39m   })\u001b[33m;\u001b[39m\n     \u001b[90m 67 |\u001b[39m\u001b[0m\n\n      at Object.<anonymous> (src/__tests__/integration/unsafe-module-blocked.test.ts:64:31)\n\n  ● unsafe import blocking (integration) › rejects mission with subprocess import\n\n    expect(received).toContain(expected) // indexOf\n\n    Expected substring: \"subprocess\"\n    Received string:    \"learnerId: Required\"\n\n    \u001b[0m \u001b[90m 84 |\u001b[39m     expect(result\u001b[33m.\u001b[39msuccess)\u001b[33m.\u001b[39mtoBe(\u001b[36mfalse\u001b[39m)\u001b[33m;\u001b[39m\n     \u001b[90m 85 |\u001b[39m     expect(result\u001b[33m.\u001b[39merrors)\u001b[33m.\u001b[39mtoBeDefined()\u001b[33m;\u001b[39m\n    \u001b[31m\u001b[1m>\u001b[22m\u001b[39m\u001b[90m 86 |\u001b[39m     expect(result\u001b[33m.\u001b[39merrors\u001b[33m!\u001b[39m[\u001b[35m0\u001b[39m])\u001b[33m.\u001b[39mtoContain(\u001b[32m'subprocess'\u001b[39m)\u001b[33m;\u001b[39m\n     \u001b[90m    |\u001b[39m                               \u001b[31m\u001b[1m^\u001b[22m\u001b[39m\n     \u001b[90m 87 |\u001b[39m   })\u001b[33m;\u001b[39m\n     \u001b[90m 88 |\u001b[39m\n     \u001b[90m 89 |\u001b[39m   \u001b[90m/**\u001b[39m\u001b[0m\n\n      at Object.<anonymous> (src/__tests__/integration/unsafe-module-blocked.test.ts:86:31)\n\n  ● unsafe import blocking (integration) › rejects mission with socket import\n\n    expect(received).toContain(expected) // indexOf\n\n    Expected substring: \"socket\"\n    Received string:    \"learnerId: Required\"\n\n    \u001b[0m \u001b[90m 104 |\u001b[39m\n     \u001b[90m 105 |\u001b[39m     expect(result\u001b[33m.\u001b[39msuccess)\u001b[33m.\u001b[39mtoBe(\u001b[36mfalse\u001b[39m)\u001b[33m;\u001b[39m\n    \u001b[31m\u001b[1m>\u001b[22m\u001b[39m\u001b[90m 106 |\u001b[39m     expect(result\u001b[33m.\u001b[39merrors\u001b[33m!\u001b[39m[\u001b[35m0\u001b[39m])\u001b[33m.\u001b[39mtoContain(\u001b[32m'socket'\u001b[39m)\u001b[33m;\u001b[39m\n     \u001b[90m     |\u001b[39m                               \u001b[31m\u001b[1m^\u001b[22m\u001b[39m\n     \u001b[90m 107 |\u001b[39m   })\u001b[33m;\u001b[39m\n     \u001b[90m 108 |\u001b[39m\n     \u001b[90m 109 |\u001b[39m   \u001b[90m/**\u001b[39m\u001b[0m\n\n      at Object.<anonymous> (src/__tests__/integration/unsafe-module-blocked.test.ts:106:31)\n\n  ● unsafe import blocking (integration) › rejects mission with from...import pattern\n\n    expect(received).toContain(expected) // indexOf\n\n    Expected substring: \"os\"\n    Received string:    \"learnerId: Required\"\n\n    \u001b[0m \u001b[90m 124 |\u001b[39m\n     \u001b[90m 125 |\u001b[39m     expect(result\u001b[33m.\u001b[39msuccess)\u001b[33m.\u001b[39mtoBe(\u001b[36mfalse\u001b[39m)\u001b[33m;\u001b[39m\n    \u001b[31m\u001b[1m>\u001b[22m\u001b[39m\u001b[90m 126 |\u001b[39m     expect(result\u001b[33m.\u001b[39merrors\u001b[33m!\u001b[39m[\u001b[35m0\u001b[39m])\u001b[33m.\u001b[39mtoContain(\u001b[32m'os'\u001b[39m)\u001b[33m;\u001b[39m\n     \u001b[90m     |\u001b[39m                               \u001b[31m\u001b[1m^\u001b[22m\u001b[39m\n     \u001b[90m 127 |\u001b[39m   })\u001b[33m;\u001b[39m\n     \u001b[90m 128 |\u001b[39m\n     \u001b[90m 129 |\u001b[39m   \u001b[90m/**\u001b[39m\u001b[0m\n\n      at Object.<anonymous> (src/__tests__/integration/unsafe-module-blocked.test.ts:126:31)\n\n  ● unsafe import blocking (integration) › rejects mission with non-approved rover commands\n\n    expect(received).toContain(expected) // indexOf\n\n    Expected substring: \"hack_mainframe\"\n    Received string:    \"learnerId: Required\"\n\n    \u001b[0m \u001b[90m 145 |\u001b[39m     expect(result\u001b[33m.\u001b[39msuccess)\u001b[33m.\u001b[39mtoBe(\u001b[36mfalse\u001b[39m)\u001b[33m;\u001b[39m\n     \u001b[90m 146 |\u001b[39m     expect(result\u001b[33m.\u001b[39merrors)\u001b[33m.\u001b[39mtoBeDefined()\u001b[33m;\u001b[39m\n    \u001b[31m\u001b[1m>\u001b[22m\u001b[39m\u001b[90m 147 |\u001b[39m     expect(result\u001b[33m.\u001b[39merrors\u001b[33m!\u001b[39m[\u001b[35m0\u001b[39m])\u001b[33m.\u001b[39mtoContain(\u001b[32m'hack_mainframe'\u001b[39m)\u001b[33m;\u001b[39m\n     \u001b[90m     |\u001b[39m                               \u001b[31m\u001b[1m^\u001b[22m\u001b[39m\n     \u001b[90m 148 |\u001b[39m   })\u001b[33m;\u001b[39m\n     \u001b[90m 149 |\u001b[39m\n     \u001b[90m 150 |\u001b[39m   \u001b[90m/**\u001b[39m\u001b[0m\n\n      at Object.<anonymous> (src/__tests__/integration/unsafe-module-blocked.test.ts:147:31)\n\n  ● unsafe import blocking (integration) › rejects mission with eval() built-in\n\n    expect(received).toContain(expected) // indexOf\n\n    Expected substring: \"eval\"\n    Received string:    \"learnerId: Required\"\n\n    \u001b[0m \u001b[90m 165 |\u001b[39m\n     \u001b[90m 166 |\u001b[39m     expect(result\u001b[33m.\u001b[39msuccess)\u001b[33m.\u001b[39mtoBe(\u001b[36mfalse\u001b[39m)\u001b[33m;\u001b[39m\n    \u001b[31m\u001b[1m>\u001b[22m\u001b[39m\u001b[90m 167 |\u001b[39m     expect(result\u001b[33m.\u001b[39merrors\u001b[33m!\u001b[39m[\u001b[35m0\u001b[39m])\u001b[33m.\u001b[39mtoContain(\u001b[32m'eval'\u001b[39m)\u001b[33m;\u001b[39m\n     \u001b[90m     |\u001b[39m                               \u001b[31m\u001b[1m^\u001b[22m\u001b[39m\n     \u001b[90m 168 |\u001b[39m   })\u001b[33m;\u001b[39m\n     \u001b[90m 169 |\u001b[39m\n     \u001b[90m 170 |\u001b[39m   \u001b[90m/**\u001b[39m\u001b[0m\n\n      at Object.<anonymous> (src/__tests__/integration/unsafe-module-blocked.test.ts:167:31)\n\n  ● unsafe import blocking (integration) › rejects mission with exec() built-in\n\n    expect(received).toContain(expected) // indexOf\n\n    Expected substring: \"exec\"\n    Received string:    \"learnerId: Required\"\n\n    \u001b[0m \u001b[90m 184 |\u001b[39m\n     \u001b[90m 185 |\u001b[39m     expect(result\u001b[33m.\u001b[39msuccess)\u001b[33m.\u001b[39mtoBe(\u001b[36mfalse\u001b[39m)\u001b[33m;\u001b[39m\n    \u001b[31m\u001b[1m>\u001b[22m\u001b[39m\u001b[90m 186 |\u001b[39m     expect(result\u001b[33m.\u001b[39merrors\u001b[33m!\u001b[39m[\u001b[35m0\u001b[39m])\u001b[33m.\u001b[39mtoContain(\u001b[32m'exec'\u001b[39m)\u001b[33m;\u001b[39m\n     \u001b[90m     |\u001b[39m                               \u001b[31m\u001b[1m^\u001b[22m\u001b[39m\n     \u001b[90m 187 |\u001b[39m   })\u001b[33m;\u001b[39m\n     \u001b[90m 188 |\u001b[39m\n     \u001b[90m 189 |\u001b[39m   \u001b[90m/**\u001b[39m\u001b[0m\n\n      at Object.<anonymous> (src/__tests__/integration/unsafe-module-blocked.test.ts:186:31)\n\n  ● unsafe import blocking (integration) › rejects mission with open() built-in\n\n    expect(received).toContain(expected) // indexOf\n\n    Expected substring: \"open\"\n    Received string:    \"learnerId: Required\"\n\n    \u001b[0m \u001b[90m 204 |\u001b[39m\n     \u001b[90m 205 |\u001b[39m     expect(result\u001b[33m.\u001b[39msuccess)\u001b[33m.\u001b[39mtoBe(\u001b[36mfalse\u001b[39m)\u001b[33m;\u001b[39m\n    \u001b[31m\u001b[1m>\u001b[22m\u001b[39m\u001b[90m 206 |\u001b[39m     expect(result\u001b[33m.\u001b[39merrors\u001b[33m!\u001b[39m[\u001b[35m0\u001b[39m])\u001b[33m.\u001b[39mtoContain(\u001b[32m'open'\u001b[39m)\u001b[33m;\u001b[39m\n     \u001b[90m     |\u001b[39m                               \u001b[31m\u001b[1m^\u001b[22m\u001b[39m\n     \u001b[90m 207 |\u001b[39m   })\u001b[33m;\u001b[39m\n     \u001b[90m 208 |\u001b[39m\n     \u001b[90m 209 |\u001b[39m   \u001b[90m/**\u001b[39m\u001b[0m\n\n      at Object.<anonymous> (src/__tests__/integration/unsafe-module-blocked.test.ts:206:31)\n\n  ● unsafe import blocking (integration) › accepts mission with loops and conditionals\n\n    expect(received).toBe(expected) // Object.is equality\n\n    Expected: true\n    Received: false\n\n    \u001b[0m \u001b[90m 250 |\u001b[39m     \u001b[36mconst\u001b[39m result \u001b[33m=\u001b[39m validateMission(safeMissionData)\u001b[33m;\u001b[39m\n     \u001b[90m 251 |\u001b[39m\n    \u001b[31m\u001b[1m>\u001b[22m\u001b[39m\u001b[90m 252 |\u001b[39m     expect(result\u001b[33m.\u001b[39msuccess)\u001b[33m.\u001b[39mtoBe(\u001b[36mtrue\u001b[39m)\u001b[33m;\u001b[39m\n     \u001b[90m     |\u001b[39m                            \u001b[31m\u001b[1m^\u001b[22m\u001b[39m\n     \u001b[90m 253 |\u001b[39m     expect(result\u001b[33m.\u001b[39mdata)\u001b[33m.\u001b[39mtoBeDefined()\u001b[33m;\u001b[39m\n     \u001b[90m 254 |\u001b[39m   })\u001b[33m;\u001b[39m\n     \u001b[90m 255 |\u001b[39m\u001b[0m\n\n      at Object.<anonymous> (src/__tests__/integration/unsafe-module-blocked.test.ts:252:28)\n\n  ● unsafe import blocking (integration) › accepts mission with print statements for debugging\n\n    expect(received).toBe(expected) // Object.is equality\n\n    Expected: true\n    Received: false\n\n    \u001b[0m \u001b[90m 271 |\u001b[39m     \u001b[36mconst\u001b[39m result \u001b[33m=\u001b[39m validateMission(safeMissionData)\u001b[33m;\u001b[39m\n     \u001b[90m 272 |\u001b[39m\n    \u001b[31m\u001b[1m>\u001b[22m\u001b[39m\u001b[90m 273 |\u001b[39m     expect(result\u001b[33m.\u001b[39msuccess)\u001b[33m.\u001b[39mtoBe(\u001b[36mtrue\u001b[39m)\u001b[33m;\u001b[39m\n     \u001b[90m     |\u001b[39m                            \u001b[31m\u001b[1m^\u001b[22m\u001b[39m\n     \u001b[90m 274 |\u001b[39m   })\u001b[33m;\u001b[39m\n     \u001b[90m 275 |\u001b[39m\n     \u001b[90m 276 |\u001b[39m   \u001b[90m/**\u001b[39m\u001b[0m\n\n      at Object.<anonymous> (src/__tests__/integration/unsafe-module-blocked.test.ts:273:28)\n\n  ● unsafe import blocking (integration) › includes line numbers in error messages\n\n    expect(received).toContain(expected) // indexOf\n\n    Expected substring: \"line\"\n    Received string:    \"learnerId: Required\"\n\n    \u001b[0m \u001b[90m 292 |\u001b[39m\n     \u001b[90m 293 |\u001b[39m     expect(result\u001b[33m.\u001b[39msuccess)\u001b[33m.\u001b[39mtoBe(\u001b[36mfalse\u001b[39m)\u001b[33m;\u001b[39m\n    \u001b[31m\u001b[1m>\u001b[22m\u001b[39m\u001b[90m 294 |\u001b[39m     expect(result\u001b[33m.\u001b[39merrors\u001b[33m!\u001b[39m[\u001b[35m0\u001b[39m])\u001b[33m.\u001b[39mtoContain(\u001b[32m'line'\u001b[39m)\u001b[33m;\u001b[39m\n     \u001b[90m     |\u001b[39m                               \u001b[31m\u001b[1m^\u001b[22m\u001b[39m\n     \u001b[90m 295 |\u001b[39m     expect(result\u001b[33m.\u001b[39merrors\u001b[33m!\u001b[39m[\u001b[35m0\u001b[39m])\u001b[33m.\u001b[39mtoContain(\u001b[32m'2'\u001b[39m)\u001b[33m;\u001b[39m\n     \u001b[90m 296 |\u001b[39m   })\u001b[33m;\u001b[39m\n     \u001b[90m 297 |\u001b[39m\u001b[0m\n\n      at Object.<anonymous> (src/__tests__/integration/unsafe-module-blocked.test.ts:294:31)\n\n  ● unsafe import blocking (integration) › rejects empty code\n\n    expect(received).toContain(expected) // indexOf\n\n    Expected substring: \"empty\"\n    Received string:    \"learnerId: Required\"\n\n    \u001b[0m \u001b[90m 329 |\u001b[39m\n     \u001b[90m 330 |\u001b[39m     expect(result\u001b[33m.\u001b[39msuccess)\u001b[33m.\u001b[39mtoBe(\u001b[36mfalse\u001b[39m)\u001b[33m;\u001b[39m\n    \u001b[31m\u001b[1m>\u001b[22m\u001b[39m\u001b[90m 331 |\u001b[39m     expect(result\u001b[33m.\u001b[39merrors\u001b[33m!\u001b[39m[\u001b[35m0\u001b[39m])\u001b[33m.\u001b[39mtoContain(\u001b[32m'empty'\u001b[39m)\u001b[33m;\u001b[39m\n     \u001b[90m     |\u001b[39m                               \u001b[31m\u001b[1m^\u001b[22m\u001b[39m\n     \u001b[90m 332 |\u001b[39m   })\u001b[33m;\u001b[39m\n     \u001b[90m 333 |\u001b[39m })\u001b[33m;\u001b[39m\n     \u001b[90m 334 |\u001b[39m\u001b[0m\n\n      at Object.<anonymous> (src/__tests__/integration/unsafe-module-blocked.test.ts:331:31)\n","name":"/Users/hlali/Documents/mars-rover-mission-authoring/src/__tests__/integration/unsafe-module-blocked.test.ts","startTime":1779058870091,"status":"failed","summary":""},{"assertionResults":[{"ancestorTitles":["MissionService","submitMission"],"duration":2,"failing":false,"failureDetails":[],"failureMessages":[],"fullName":"MissionService submitMission should successfully submit a mission","invocations":1,"location":null,"numPassingAsserts":7,"retryReasons":[],"startAt":1779058870170,"status":"passed","title":"should successfully submit a mission"},{"ancestorTitles":["MissionService","submitMission"],"duration":0,"failing":false,"failureDetails":[],"failureMessages":[],"fullName":"MissionService submitMission should submit mission without optional challengeId","invocations":1,"location":null,"numPassingAsserts":2,"retryReasons":[],"startAt":1779058870172,"status":"passed","title":"should submit mission without optional challengeId"},{"ancestorTitles":["MissionService","submitMission"],"duration":0,"failing":false,"failureDetails":[],"failureMessages":[],"fullName":"MissionService submitMission should set initial status to queued","invocations":1,"location":null,"numPassingAsserts":1,"retryReasons":[],"startAt":1779058870172,"status":"passed","title":"should set initial status to queued"},{"ancestorTitles":["MissionService","submitMission"],"duration":0,"failing":false,"failureDetails":[],"failureMessages":[],"fullName":"MissionService submitMission should include queue position and estimated wait","invocations":1,"location":null,"numPassingAsserts":2,"retryReasons":[],"startAt":1779058870172,"status":"passed","title":"should include queue position and estimated wait"},{"ancestorTitles":["MissionService","getMissionById"],"duration":1,"failing":false,"failureDetails":[],"failureMessages":[],"fullName":"MissionService getMissionById should retrieve existing mission","invocations":1,"location":null,"numPassingAsserts":1,"retryReasons":[],"startAt":1779058870172,"status":"passed","title":"should retrieve existing mission"},{"ancestorTitles":["MissionService","getMissionById"],"duration":0,"failing":false,"failureDetails":[],"failureMessages":[],"fullName":"MissionService getMissionById should return null for non-existent mission","invocations":1,"location":null,"numPassingAsserts":1,"retryReasons":[],"startAt":1779058870173,"status":"passed","title":"should return null for non-existent mission"},{"ancestorTitles":["MissionService","getMissionHistory"],"duration":0,"failing":false,"failureDetails":[{}],"failureMessages":["TypeError: this.missionRepository.findByLearnerId is not a function\n    at MissionService.getMissionHistory (/Users/hlali/Documents/mars-rover-mission-authoring/src/core/application/services/MissionService.ts:79:35)\n    at Object.<anonymous> (/Users/hlali/Documents/mars-rover-mission-authoring/src/__tests__/unit/MissionService.test.ts:167:37)"],"fullName":"MissionService getMissionHistory should retrieve all missions for a session","invocations":1,"location":null,"numPassingAsserts":0,"retryReasons":[],"startAt":1779058870173,"status":"failed","title":"should retrieve all missions for a session"},{"ancestorTitles":["MissionService","getMissionHistory"],"duration":1,"failing":false,"failureDetails":[{}],"failureMessages":["TypeError: this.missionRepository.findByLearnerId is not a function\n    at MissionService.getMissionHistory (/Users/hlali/Documents/mars-rover-mission-authoring/src/core/application/services/MissionService.ts:79:35)\n    at Object.<anonymous> (/Users/hlali/Documents/mars-rover-mission-authoring/src/__tests__/unit/MissionService.test.ts:174:37)\n    at Promise.finally.completed (/Users/hlali/Documents/mars-rover-mission-authoring/node_modules/jest-circus/build/jestAdapterInit.js:1561:28)\n    at new Promise (<anonymous>)\n    at callAsyncCircusFn (/Users/hlali/Documents/mars-rover-mission-authoring/node_modules/jest-circus/build/jestAdapterInit.js:1501:10)\n    at _callCircusTest (/Users/hlali/Documents/mars-rover-mission-authoring/node_modules/jest-circus/build/jestAdapterInit.js:1011:40)\n    at _runTest (/Users/hlali/Documents/mars-rover-mission-authoring/node_modules/jest-circus/build/jestAdapterInit.js:951:3)\n    at /Users/hlali/Documents/mars-rover-mission-authoring/node_modules/jest-circus/build/jestAdapterInit.js:853:7\n    at _runTestsForDescribeBlock (/Users/hlali/Documents/mars-rover-mission-authoring/node_modules/jest-circus/build/jestAdapterInit.js:866:11)\n    at _runTestsForDescribeBlock (/Users/hlali/Documents/mars-rover-mission-authoring/node_modules/jest-circus/build/jestAdapterInit.js:861:11)\n    at _runTestsForDescribeBlock (/Users/hlali/Documents/mars-rover-mission-authoring/node_modules/jest-circus/build/jestAdapterInit.js:861:11)\n    at run (/Users/hlali/Documents/mars-rover-mission-authoring/node_modules/jest-circus/build/jestAdapterInit.js:765:3)\n    at runAndTransformResultsToJestFormat (/Users/hlali/Documents/mars-rover-mission-authoring/node_modules/jest-circus/build/jestAdapterInit.js:1993:21)\n    at jestAdapter (/Users/hlali/Documents/mars-rover-mission-authoring/node_modules/jest-circus/build/runner.js:111:19)\n    at runTestInternal (/Users/hlali/Documents/mars-rover-mission-authoring/node_modules/jest-runner/build/index.js:276:16)\n    at runTest (/Users/hlali/Documents/mars-rover-mission-authoring/node_modules/jest-runner/build/index.js:344:7)"],"fullName":"MissionService getMissionHistory should return empty array for session with no missions","invocations":1,"location":null,"numPassingAsserts":0,"retryReasons":[],"startAt":1779058870177,"status":"failed","title":"should return empty array for session with no missions"},{"ancestorTitles":["MissionService","getMissionHistory"],"duration":0,"failing":false,"failureDetails":[{}],"failureMessages":["TypeError: this.missionRepository.findByLearnerId is not a function\n    at MissionService.getMissionHistory (/Users/hlali/Documents/mars-rover-mission-authoring/src/core/application/services/MissionService.ts:79:35)\n    at Object.<anonymous> (/Users/hlali/Documents/mars-rover-mission-authoring/src/__tests__/unit/MissionService.test.ts:192:37)"],"fullName":"MissionService getMissionHistory should not return missions from other sessions","invocations":1,"location":null,"numPassingAsserts":0,"retryReasons":[],"startAt":1779058870178,"status":"failed","title":"should not return missions from other sessions"},{"ancestorTitles":["MissionService","getQueueForYard"],"duration":6,"failing":false,"failureDetails":[],"failureMessages":[],"fullName":"MissionService getQueueForYard should retrieve all queued missions for a yard","invocations":1,"location":null,"numPassingAsserts":3,"retryReasons":[],"startAt":1779058870178,"status":"passed","title":"should retrieve all queued missions for a yard"},{"ancestorTitles":["MissionService","getQueueForYard"],"duration":0,"failing":false,"failureDetails":[],"failureMessages":[],"fullName":"MissionService getQueueForYard should not return missions from other yards","invocations":1,"location":null,"numPassingAsserts":2,"retryReasons":[],"startAt":1779058870184,"status":"passed","title":"should not return missions from other yards"},{"ancestorTitles":["MissionService","updateMission"],"duration":1,"failing":false,"failureDetails":[],"failureMessages":[],"fullName":"MissionService updateMission should update mission status","invocations":1,"location":null,"numPassingAsserts":2,"retryReasons":[],"startAt":1779058870184,"status":"passed","title":"should update mission status"},{"ancestorTitles":["MissionService","updateMission"],"duration":0,"failing":false,"failureDetails":[],"failureMessages":[],"fullName":"MissionService updateMission should return null for non-existent mission","invocations":1,"location":null,"numPassingAsserts":1,"retryReasons":[],"startAt":1779058870185,"status":"passed","title":"should return null for non-existent mission"}],"endTime":1779058870186,"message":"  ● MissionService › getMissionHistory › should retrieve all missions for a session\n\n    TypeError: this.missionRepository.findByLearnerId is not a function\n\n    \u001b[0m \u001b[90m 77 |\u001b[39m \u001b[90m   */\u001b[39m\n     \u001b[90m 78 |\u001b[39m   \u001b[36masync\u001b[39m getMissionHistory(learnerId\u001b[33m:\u001b[39m string)\u001b[33m:\u001b[39m \u001b[33mPromise\u001b[39m\u001b[33m<\u001b[39m\u001b[33mMission\u001b[39m[]\u001b[33m>\u001b[39m {\n    \u001b[31m\u001b[1m>\u001b[22m\u001b[39m\u001b[90m 79 |\u001b[39m     \u001b[36mreturn\u001b[39m \u001b[36mthis\u001b[39m\u001b[33m.\u001b[39mmissionRepository\u001b[33m.\u001b[39mfindByLearnerId(learnerId)\u001b[33m;\u001b[39m\n     \u001b[90m    |\u001b[39m                                   \u001b[31m\u001b[1m^\u001b[22m\u001b[39m\n     \u001b[90m 80 |\u001b[39m   }\n     \u001b[90m 81 |\u001b[39m\n     \u001b[90m 82 |\u001b[39m   \u001b[90m/**\u001b[39m\u001b[0m\n\n      at MissionService.getMissionHistory (src/core/application/services/MissionService.ts:79:35)\n      at Object.<anonymous> (src/__tests__/unit/MissionService.test.ts:167:37)\n\n  ● MissionService › getMissionHistory › should return empty array for session with no missions\n\n    TypeError: this.missionRepository.findByLearnerId is not a function\n\n    \u001b[0m \u001b[90m 77 |\u001b[39m \u001b[90m   */\u001b[39m\n     \u001b[90m 78 |\u001b[39m   \u001b[36masync\u001b[39m getMissionHistory(learnerId\u001b[33m:\u001b[39m string)\u001b[33m:\u001b[39m \u001b[33mPromise\u001b[39m\u001b[33m<\u001b[39m\u001b[33mMission\u001b[39m[]\u001b[33m>\u001b[39m {\n    \u001b[31m\u001b[1m>\u001b[22m\u001b[39m\u001b[90m 79 |\u001b[39m     \u001b[36mreturn\u001b[39m \u001b[36mthis\u001b[39m\u001b[33m.\u001b[39mmissionRepository\u001b[33m.\u001b[39mfindByLearnerId(learnerId)\u001b[33m;\u001b[39m\n     \u001b[90m    |\u001b[39m                                   \u001b[31m\u001b[1m^\u001b[22m\u001b[39m\n     \u001b[90m 80 |\u001b[39m   }\n     \u001b[90m 81 |\u001b[39m\n     \u001b[90m 82 |\u001b[39m   \u001b[90m/**\u001b[39m\u001b[0m\n\n      at MissionService.getMissionHistory (src/core/application/services/MissionService.ts:79:35)\n      at Object.<anonymous> (src/__tests__/unit/MissionService.test.ts:174:37)\n\n  ● MissionService › getMissionHistory › should not return missions from other sessions\n\n    TypeError: this.missionRepository.findByLearnerId is not a function\n\n    \u001b[0m \u001b[90m 77 |\u001b[39m \u001b[90m   */\u001b[39m\n     \u001b[90m 78 |\u001b[39m   \u001b[36masync\u001b[39m getMissionHistory(learnerId\u001b[33m:\u001b[39m string)\u001b[33m:\u001b[39m \u001b[33mPromise\u001b[39m\u001b[33m<\u001b[39m\u001b[33mMission\u001b[39m[]\u001b[33m>\u001b[39m {\n    \u001b[31m\u001b[1m>\u001b[22m\u001b[39m\u001b[90m 79 |\u001b[39m     \u001b[36mreturn\u001b[39m \u001b[36mthis\u001b[39m\u001b[33m.\u001b[39mmissionRepository\u001b[33m.\u001b[39mfindByLearnerId(learnerId)\u001b[33m;\u001b[39m\n     \u001b[90m    |\u001b[39m                                   \u001b[31m\u001b[1m^\u001b[22m\u001b[39m\n     \u001b[90m 80 |\u001b[39m   }\n     \u001b[90m 81 |\u001b[39m\n     \u001b[90m 82 |\u001b[39m   \u001b[90m/**\u001b[39m\u001b[0m\n\n      at MissionService.getMissionHistory (src/core/application/services/MissionService.ts:79:35)\n      at Object.<anonymous> (src/__tests__/unit/MissionService.test.ts:192:37)\n","name":"/Users/hlali/Documents/mars-rover-mission-authoring/src/__tests__/unit/MissionService.test.ts","startTime":1779058870141,"status":"failed","summary":""},{"assertionResults":[],"coverage":{},"endTime":1779058871205,"message":"  ● Test suite failed to run\n\n    Jest encountered an unexpected token\n\n    Jest failed to parse a file. This happens e.g. when your code or its dependencies use non-standard JavaScript syntax, or when Jest is not configured to support such syntax.\n\n    Out of the box Jest supports Babel, which will be used to transform your files into valid JS based on your Babel configuration.\n\n    By default \"node_modules\" folder is ignored by transformers.\n\n    Here's what you can do:\n     • If you are trying to use ECMAScript Modules, see https://jestjs.io/docs/ecmascript-modules for how to enable it.\n     • If you are trying to use TypeScript, see https://jestjs.io/docs/getting-started#using-typescript\n     • To have some of your \"node_modules\" files transformed, you can specify a custom \"transformIgnorePatterns\" in your config.\n     • If you need a custom transformation, specify a \"transform\" option in your config.\n     • If you simply want to mock your non-JS modules (e.g. binary assets) you can stub them out with the \"moduleNameMapper\" config option.\n\n    You'll find more details and examples of these config options in the docs:\n    https://jestjs.io/docs/configuration\n    For information about custom transformations, see:\n    https://jestjs.io/docs/code-transformation\n\n    Details:\n\n    /Users/hlali/Documents/mars-rover-mission-
[...]
ilureMessages":[],"fullName":"allowlist enforcement AST analyzer direct tests AST analyzer detects non-rover function calls","invocations":1,"location":null,"numPassingAsserts":2,"retryReasons":[],"startAt":1779058870918,"status":"passed","title":"AST analyzer detects non-rover function calls"},{"ancestorTitles":["allowlist enforcement","AST analyzer direct tests"],"duration":0,"failing":false,"failureDetails":[],"failureMessages":[],"fullName":"allowlist enforcement AST analyzer direct tests AST analyzer returns empty array for safe code","invocations":1,"location":null,"numPassingAsserts":1,"retryReasons":[],"startAt":1779058870918,"status":"passed","title":"AST analyzer returns empty array for safe code"}],"endTime":1779058870918,"message":"","name":"/Users/hlali/Documents/mars-rover-mission-authoring/src/__tests__/unit/allowlist.test.ts","startTime":1779058870892,"status":"passed","summary":""},{"assertionResults":[{"ancestorTitles":["Learner Entity","createAnonymousLearner"],"duration":2,"failing":false,"failureDetails":[],"failureMessages":[],"fullName":"Learner Entity createAnonymousLearner creates a learner with valid defaults","invocations":1,"location":null,"numPassingAsserts":6,"retryReasons":[],"startAt":1779058870942,"status":"passed","title":"creates a learner with valid defaults"},{"ancestorTitles":["Learner Entity","createAnonymousLearner"],"duration":1,"failing":false,"failureDetails":[],"failureMessages":[],"fullName":"Learner Entity createAnonymousLearner assigns a random avatar color","invocations":1,"location":null,"numPassingAsserts":2,"retryReasons":[],"startAt":1779058870944,"status":"passed","title":"assigns a random avatar color"},{"ancestorTitles":["Learner Entity","createAnonymousLearner"],"duration":0,"failing":false,"failureDetails":[],"failureMessages":[],"fullName":"Learner Entity createAnonymousLearner sets timestamps correctly","invocations":1,"location":null,"numPassingAsserts":3,"retryReasons":[],"startAt":1779058870945,"status":"passed","title":"sets timestamps correctly"},{"ancestorTitles":["Learner Entity","createAnonymousLearner"],"duration":0,"failing":false,"failureDetails":[],"failureMessages":[],"fullName":"Learner Entity createAnonymousLearner initializes device array with first device","invocations":1,"location":null,"numPassingAsserts":2,"retryReasons":[],"startAt":1779058870945,"status":"passed","title":"initializes device array with first device"},{"ancestorTitles":["Learner Entity","isActiveLearner"],"duration":0,"failing":false,"failureDetails":[],"failureMessages":[],"fullName":"Learner Entity isActiveLearner returns false for new learner with no missions","invocations":1,"location":null,"numPassingAsserts":1,"retryReasons":[],"startAt":1779058870945,"status":"passed","title":"returns false for new learner with no missions"},{"ancestorTitles":["Learner Entity","isActiveLearner"],"duration":0,"failing":false,"failureDetails":[],"failureMessages":[],"fullName":"Learner Entity isActiveLearner returns true for learner with missions","invocations":1,"location":null,"numPassingAsserts":1,"retryReasons":[],"startAt":1779058870945,"status":"passed","title":"returns true for learner with missions"},{"ancestorTitles":["Learner Entity","isActiveLearner"],"duration":0,"failing":false,"failureDetails":[],"failureMessages":[],"fullName":"Learner Entity isActiveLearner returns true even with zero completions","invocations":1,"location":null,"numPassingAsserts":1,"retryReasons":[],"startAt":1779058870945,"status":"passed","title":"returns true even with zero completions"},{"ancestorTitles":["Learner Entity","sanitizeDisplayName"],"duration":0,"failing":false,"failureDetails":[],"failureMessages":[],"fullName":"Learner Entity sanitizeDisplayName removes email addresses","invocations":1,"location":null,"numPassingAsserts":2,"retryReasons":[],"startAt":1779058870946,"status":"passed","title":"removes email addresses"},{"ancestorTitles":["Learner Entity","sanitizeDisplayName"],"duration":0,"failing":false,"failureDetails":[],"failureMessages":[],"fullName":"Learner Entity sanitizeDisplayName trims whitespace","invocations":1,"location":null,"numPassingAsserts":1,"retryReasons":[],"startAt":1779058870946,"status":"passed","title":"trims whitespace"},{"ancestorTitles":["Learner Entity","sanitizeDisplayName"],"duration":0,"failing":false,"failureDetails":[],"failureMessages":[],"fullName":"Learner Entity sanitizeDisplayName limits length to 20 characters","invocations":1,"location":null,"numPassingAsserts":2,"retryReasons":[],"startAt":1779058870946,"status":"passed","title":"limits length to 20 characters"},{"ancestorTitles":["Learner Entity","sanitizeDisplayName"],"duration":0,"failing":false,"failureDetails":[],"failureMessages":[],"fullName":"Learner Entity sanitizeDisplayName handles multiple emails","invocations":1,"location":null,"numPassingAsserts":1,"retryReasons":[],"startAt":1779058870946,"status":"passed","title":"handles multiple emails"},{"ancestorTitles":["Learner Entity","sanitizeDisplayName"],"duration":0,"failing":false,"failureDetails":[],"failureMessages":[],"fullName":"Learner Entity sanitizeDisplayName preserves valid nicknames","invocations":1,"location":null,"numPassingAsserts":4,"retryReasons":[],"startAt":1779058870946,"status":"passed","title":"preserves valid nicknames"},{"ancestorTitles":["Learner Entity","sanitizeDisplayName"],"duration":0,"failing":false,"failureDetails":[],"failureMessages":[],"fullName":"Learner Entity sanitizeDisplayName handles empty string","invocations":1,"location":null,"numPassingAsserts":1,"retryReasons":[],"startAt":1779058870946,"status":"passed","title":"handles empty string"},{"ancestorTitles":["Learner Entity","sanitizeDisplayName"],"duration":0,"failing":false,"failureDetails":[],"failureMessages":[],"fullName":"Learner Entity sanitizeDisplayName handles only whitespace","invocations":1,"location":null,"numPassingAsserts":1,"retryReasons":[],"startAt":1779058870947,"status":"passed","title":"handles only whitespace"},{"ancestorTitles":["Learner Entity","Learner statistics"],"duration":0,"failing":false,"failureDetails":[],"failureMessages":[],"fullName":"Learner Entity Learner statistics calculates success rate correctly","invocations":1,"location":null,"numPassingAsserts":1,"retryReasons":[],"startAt":1779058870947,"status":"passed","title":"calculates success rate correctly"},{"ancestorTitles":["Learner Entity","Learner statistics"],"duration":0,"failing":false,"failureDetails":[],"failureMessages":[],"fullName":"Learner Entity Learner statistics handles zero missions for success rate","invocations":1,"location":null,"numPassingAsserts":1,"retryReasons":[],"startAt":1779058870947,"status":"passed","title":"handles zero missions for success rate"},{"ancestorTitles":["Learner Entity","Learner statistics"],"duration":0,"failing":false,"failureDetails":[],"failureMessages":[],"fullName":"Learner Entity Learner statistics handles perfect success rate","invocations":1,"location":null,"numPassingAsserts":1,"retryReasons":[],"startAt":1779058870947,"status":"passed","title":"handles perfect success rate"},{"ancestorTitles":["Learner Entity","Multi-device support"],"duration":0,"failing":false,"failureDetails":[],"failureMessages":[],"fullName":"Learner Entity Multi-device support can track multiple devices","invocations":1,"location":null,"numPassingAsserts":1,"retryReasons":[],"startAt":1779058870947,"status":"passed","title":"can track multiple devices"},{"ancestorTitles":["Learner Entity","Multi-device support"],"duration":0,"failing":false,"failureDetails":[],"failureMessages":[],"fullName":"Learner Entity Multi-device support maintains device history","invocations":1,"location":null,"numPassingAsserts":1,"retryReasons":[],"startAt":1779058870947,"status":"passed","title":"maintains device history"}],"endTime":1779058870948,"message":"","name":"/Users/hlali/Documents/mars-rover-mission-authoring/src/__tests__/unit/Learner.test.ts","startTime":1779058870920,"status":"passed","summary":""},{"assertionResults":[{"ancestorTitles":["Video Display Integration","Mission Entity Video Fields"],"duration":0,"failing":false,"failureDetails":[],"failureMessages":[],"fullName":"Video Display Integration Mission Entity Video Fields mission entity supports videoUrl field","invocations":1,"location":null,"numPassingAsserts":2,"retryReasons":[],"startAt":1779058870975,"status":"passed","title":"mission entity supports videoUrl field"},{"ancestorTitles":["Video Display Integration","Mission Entity Video Fields"],"duration":1,"failing":false,"failureDetails":[],"failureMessages":[],"fullName":"Video Display Integration Mission Entity Video Fields mission entity supports youtubeUrl field","invocations":1,"location":null,"numPassingAsserts":2,"retryReasons":[],"startAt":1779058870975,"status":"passed","title":"mission entity supports youtubeUrl field"},{"ancestorTitles":["Video Display Integration","Mission Entity Video Fields"],"duration":0,"failing":false,"failureDetails":[],"failureMessages":[],"fullName":"Video Display Integration Mission Entity Video Fields mission entity supports both video fields simultaneously","invocations":1,"location":null,"numPassingAsserts":2,"retryReasons":[],"startAt":1779058870976,"status":"passed","title":"mission entity supports both video fields simultaneously"},{"ancestorTitles":["Video Display Integration","Mission Entity Video Fields"],"duration":0,"failing":false,"failureDetails":[],"failureMessages":[],"fullName":"Video Display Integration Mission Entity Video Fields video fields are optional in mission entity","invocations":1,"location":null,"numPassingAsserts":2,"retryReasons":[],"startAt":1779058870976,"status":"passed","title":"video fields are optional in mission entity"},{"ancestorTitles":["Video Display Integration","Video URL Validation"],"duration":0,"failing":false,"failureDetails":[],"failureMessages":[],"fullName":"Video Display Integration Video URL Validation accepts valid GCS URL format","invocations":1,"location":null,"numPassingAsserts":2,"retryReasons":[],"startAt":1779058870976,"status":"passed","title":"accepts valid GCS URL format"},{"ancestorTitles":["Video Display Integration","Video URL Validation"],"duration":0,"failing":false,"failureDetails":[],"failureMessages":[],"fullName":"Video Display Integration Video URL Validation accepts valid YouTube URL format","invocations":1,"location":null,"numPassingAsserts":1,"retryReasons":[],"startAt":1779058870976,"status":"passed","title":"accepts valid YouTube URL format"},{"ancestorTitles":["Video Display Integration","Video URL Validation"],"duration":0,"failing":false,"failureDetails":[],"failureMessages":[],"fullName":"Video Display Integration Video URL Validation accepts valid youtu.be URL format","invocations":1,"location":null,"numPassingAsserts":1,"retryReasons":[],"startAt":1779058870976,"status":"passed","title":"accepts valid youtu.be URL format"},{"ancestorTitles":["Video Display Integration","Completed Mission Video Workflow"],"duration":1,"failing":false,"failureDetails":[],"failureMessages":[],"fullName":"Video Display Integration Completed Mission Video Workflow completed mission includes video URL","invocations":1,"location":null,"numPassingAsserts":3,"retryReasons":[],"startAt":1779058870976,"status":"passed","title":"completed mission includes video URL"},{"ancestorTitles":["Video Display Integration","Completed Mission Video Workflow"],"duration":0,"failing":false,"failureDetails":[],"failureMessages":[],"fullName":"Video Display Integration Completed Mission Video Workflow failed mission includes video URL showing failure","invocations":1,"location":null,"numPassingAsserts":3,"retryReasons":[],"startAt":1779058870977,"status":"passed","title":"failed mission includes video URL showing failure"},{"ancestorTitles":["Video Display Integration","Completed Mission Video Workflow"],"duration":0,"failing":false,"failureDetails":[],"failureMessages":[],"fullName":"Video Display Integration Completed Mission Video Workflow queued mission does not have video URL","invocations":1,"location":null,"numPassingAsserts":3,"retryReasons":[],"startAt":1779058870977,"status":"passed","title":"queued mission does not have video URL"},{"ancestorTitles":["Video Display Integration","Completed Mission Video Workflow"],"duration":0,"failing":false,"failureDetails":[],"failureMessages":[],"fullName":"Video Display Integration Completed Mission Video Workflow processing mission does not have video URL","invocations":1,"location":null,"numPassingAsserts":3,"retryReasons":[],"startAt":1779058870977,"status":"passed","title":"processing mission does not have video URL"},{"ancestorTitles":["Video Display Integration","Video File Types"],"duration":0,"failing":false,"failureDetails":[],"failureMessages":[],"fullName":"Video Display Integration Video File Types supports MP4 video format","invocations":1,"location":null,"numPassingAsserts":1,"retryReasons":[],"startAt":1779058870977,"status":"passed","title":"supports MP4 video format"},{"ancestorTitles":["Video Display Integration","Video File Types"],"duration":0,"failing":false,"failureDetails":[],"failureMessages":[],"fullName":"Video Display Integration Video File Types supports WebM video format","invocations":1,"location":null,"numPassingAsserts":1,"retryReasons":[],"startAt":1779058870977,"status":"passed","title":"supports WebM video format"}],"endTime":1779058870978,"message":"","name":"/Users/hlali/Documents/mars-rover-mission-authoring/src/__tests__/integration/video-display.test.ts","startTime":1779058870950,"status":"passed","summary":""},{"assertionResults":[{"ancestorTitles":["queue confirmation"],"duration":0,"failing":false,"failureDetails":[],"failureMessages":[],"fullName":"queue confirmation confirmation response includes queue position and estimated wait","invocations":1,"location":null,"numPassingAsserts":4,"retryReasons":[],"startAt":1779058871001,"status":"passed","title":"confirmation response includes queue position and estimated wait"},{"ancestorTitles":["queue confirmation"],"duration":0,"failing":false,"failureDetails":[],"failureMessages":[],"fullName":"queue confirmation queue position 1 has zero estimated wait","invocations":1,"location":null,"numPassingAsserts":3,"retryReasons":[],"startAt":1779058871001,"status":"passed","title":"queue position 1 has zero estimated wait"},{"ancestorTitles":["queue confirmation"],"duration":1,"failing":false,"failureDetails":[],"failureMessages":[],"fullName":"queue confirmation handles empty queue correctly","invocations":1,"location":null,"numPassingAsserts":3,"retryReasons":[],"startAt":1779058871001,"status":"passed","title":"handles empty queue correctly"}],"endTime":1779058871002,"message":"","name":"/Users/hlali/Documents/mars-rover-mission-authoring/src/__tests__/unit/confirmation-response.test.ts","startTime":1779058870980,"status":"passed","summary":""},{"assertionResults":[{"ancestorTitles":["execution timeout scaffold"],"duration":null,"failing":false,"failureDetails":[],"failureMessages":[],"fullName":"execution timeout scaffold Task 75: execution timeout fires correctly","invocations":1,"location":null,"numPassingAsserts":0,"retryReasons":[],"startAt":1779058871023,"status":"todo","title":"Task 75: execution timeout fires correctly"}],"endTime":1779058871025,"message":"","name":"/Users/hlali/Documents/mars-rover-mission-authoring/src/__tests__/unit/execution-timeout.test.ts","startTime":1779058871004,"status":"passed","summary":""},{"assertionResults":[{"ancestorTitles":["sandbox disallowed commands scaffold"],"duration":null,"failing":false,"failureDetails":[],"failureMessages":[],"fullName":"sandbox disallowed commands scaffold Task 76: disallowed commands raise exceptions in the sandbox","invocations":1,"location":null,"numPassingAsserts":0,"retryReasons":[],"startAt":1779058871046,"status":"todo","title":"Task 76: disallowed commands raise exceptions in the sandbox"}],"endTime":1779058871046,"message":"","name":"/Users/hlali/Documents/mars-rover-mission-authoring/src/__tests__/unit/sandbox-disallowed-commands.test.ts","startTime":1779058871027,"status":"passed","summary":""},{"assertionResults":[{"ancestorTitles":["completion notification scaffold"],"duration":null,"failing":false,"failureDetails":[],"failureMessages":[],"fullName":"completion notification scaffold Task 61: completion notification fires after the mission status update","invocations":1,"location":null,"numPassingAsserts":0,"retryReasons":[],"startAt":1779058871068,"status":"todo","title":"Task 61: completion notification fires after the mission status update"}],"endTime":1779058871068,"message":"","name":"/Users/hlali/Documents/mars-rover-mission-authoring/src/__tests__/integration/completion-notification.test.ts","startTime":1779058871049,"status":"passed","summary":""},{"assertionResults":[{"ancestorTitles":["heartbeat scaffold"],"duration":null,"failing":false,"failureDetails":[],"failureMessages":[],"fullName":"heartbeat scaffold Task 68: heartbeat detects disconnection","invocations":1,"location":null,"numPassingAsserts":0,"retryReasons":[],"startAt":1779058871089,"status":"todo","title":"Task 68: heartbeat detects disconnection"}],"endTime":1779058871090,"message":"","name":"/Users/hlali/Documents/mars-rover-mission-authoring/src/__tests__/unit/heartbeat.test.ts","startTime":1779058871070,"status":"passed","summary":""},{"assertionResults":[{"ancestorTitles":["editor scaffold"],"duration":null,"failing":false,"failureDetails":[],"failureMessages":[],"fullName":"editor scaffold Task 20: editor renders and accepts learner input","invocations":1,"location":null,"numPassingAsserts":0,"retryReasons":[],"startAt":1779058871112,"status":"todo","title":"Task 20: editor renders and accepts learner input"}],"endTime":1779058871113,"message":"","name":"/Users/hlali/Documents/mars-rover-mission-authoring/src/__tests__/unit/editor.test.tsx","startTime":1779058871092,"status":"passed","summary":""},{"assertionResults":[{"ancestorTitles":["websocket delivery scaffold"],"duration":null,"failing":false,"failureDetails":[],"failureMessages":[],"fullName":"websocket delivery scaffold Task 69: mission payload is delivered over the WebSocket connection","invocations":1,"location":null,"numPassingAsserts":0,"retryReasons":[],"startAt":1779058871135,"status":"todo","title":"Task 69: mission payload is delivered over the WebSocket connection"}],"endTime":1779058871135,"message":"","name":"/Users/hlali/Documents/mars-rover-mission-authoring/src/__tests__/integration/websocket-delivery.test.ts","startTime":1779058871116,"status":"passed","summary":""},{"assertionResults":[{"ancestorTitles":["simulator execution scaffold"],"duration":null,"failing":false,"failureDetails":[],"failureMessages":[],"fullName":"simulator execution scaffold Task 32: submitted code updates simulator state through the execution engine","invocations":1,"location":null,"numPassingAsserts":0,"retryReasons":[],"startAt":1779058871156,"status":"todo","title":"Task 32: submitted code updates simulator state through the execution engine"}],"endTime":1779058871156,"message":"","name":"/Users/hlali/Documents/mars-rover-mission-authoring/src/__tests__/integration/simulator-execution.test.ts","startTime":1779058871137,"status":"passed","summary":""},{"assertionResults":[{"ancestorTitles":["queue order integration scaffold"],"duration":null,"failing":false,"failureDetails":[],"failureMessages":[],"fullName":"queue order integration scaffold Task 47: submitted missions appear in the correct queue order","invocations":1,"location":null,"numPassingAsserts":0,"retryReasons":[],"startAt":1779058871180,"status":"todo","title":"Task 47: submitted missions appear in the correct queue order"}],"endTime":1779058871181,"message":"","name":"/Users/hlali/Documents/mars-rover-mission-authoring/src/__tests__/integration/queue-order.test.ts","startTime":1779058871159,"status":"passed","summary":""}],"wasInterrupted":false}
